<?xml version="1.0" encoding="UTF-8"?>
<!-- Generated by org.testng.reporters.JUnitReportReporter -->
<testsuite hostname="ASDA1713PO02529" name="com.qait.acs.tests.DOIContent" tests="252" failures="0" timestamp="11 Mar 2019 10:56:05 GMT" time="25798.781" errors="14">
  <testcase name="Step29_AJ_29_Verify_Functionality_Of_Elements_On_Article_Landing_Page" time="96.274" classname="com.qait.acs.tests.DOIContent"/>
  <testcase name="Step29_AJ_29_Verify_Functionality_Of_Elements_On_Article_Landing_Page" time="72.711" classname="com.qait.acs.tests.DOIContent"/>
  <testcase name="Step29_AJ_29_Verify_Functionality_Of_Elements_On_Article_Landing_Page" time="105.923" classname="com.qait.acs.tests.DOIContent"/>
  <testcase name="Step29_AJ_29_Verify_Functionality_Of_Elements_On_Article_Landing_Page" time="94.961" classname="com.qait.acs.tests.DOIContent"/>
  <testcase name="Step29_AJ_29_Verify_Functionality_Of_Elements_On_Article_Landing_Page" time="107.624" classname="com.qait.acs.tests.DOIContent"/>
  <testcase name="Step29_AJ_29_Verify_Functionality_Of_Elements_On_Article_Landing_Page" time="101.672" classname="com.qait.acs.tests.DOIContent"/>
  <testcase name="Step29_AJ_29_Verify_Functionality_Of_Elements_On_Article_Landing_Page" time="119.557" classname="com.qait.acs.tests.DOIContent"/>
  <testcase name="Step29_AJ_29_Verify_Functionality_Of_Elements_On_Article_Landing_Page" time="108.941" classname="com.qait.acs.tests.DOIContent"/>
  <testcase name="Step29_AJ_29_Verify_Functionality_Of_Elements_On_Article_Landing_Page" time="93.392" classname="com.qait.acs.tests.DOIContent"/>
  <testcase name="Step29_AJ_29_Verify_Functionality_Of_Elements_On_Article_Landing_Page" time="106.243" classname="com.qait.acs.tests.DOIContent"/>
  <testcase name="Step29_AJ_29_Verify_Functionality_Of_Elements_On_Article_Landing_Page" time="96.006" classname="com.qait.acs.tests.DOIContent"/>
  <testcase name="Step29_AJ_29_Verify_Functionality_Of_Elements_On_Article_Landing_Page" time="91.696" classname="com.qait.acs.tests.DOIContent"/>
  <testcase name="Step29_AJ_29_Verify_Functionality_Of_Elements_On_Article_Landing_Page" time="101.696" classname="com.qait.acs.tests.DOIContent"/>
  <testcase name="Step29_AJ_29_Verify_Functionality_Of_Elements_On_Article_Landing_Page" time="112.057" classname="com.qait.acs.tests.DOIContent"/>
  <testcase name="Step29_AJ_29_Verify_Functionality_Of_Elements_On_Article_Landing_Page" time="80.717" classname="com.qait.acs.tests.DOIContent"/>
  <testcase name="Step29_AJ_29_Verify_Functionality_Of_Elements_On_Article_Landing_Page" time="81.086" classname="com.qait.acs.tests.DOIContent"/>
  <testcase name="Step29_AJ_29_Verify_Functionality_Of_Elements_On_Article_Landing_Page" time="158.369" classname="com.qait.acs.tests.DOIContent"/>
  <testcase name="Step29_AJ_29_Verify_Functionality_Of_Elements_On_Article_Landing_Page" time="87.757" classname="com.qait.acs.tests.DOIContent"/>
  <testcase name="Step29_AJ_29_Verify_Functionality_Of_Elements_On_Article_Landing_Page" time="108.979" classname="com.qait.acs.tests.DOIContent"/>
  <testcase name="Step29_AJ_29_Verify_Functionality_Of_Elements_On_Article_Landing_Page" time="104.400" classname="com.qait.acs.tests.DOIContent"/>
  <testcase name="Step29_AJ_29_Verify_Functionality_Of_Elements_On_Article_Landing_Page" time="100.353" classname="com.qait.acs.tests.DOIContent"/>
  <testcase name="Step29_AJ_29_Verify_Functionality_Of_Elements_On_Article_Landing_Page" time="98.077" classname="com.qait.acs.tests.DOIContent"/>
  <testcase name="Step29_AJ_29_Verify_Functionality_Of_Elements_On_Article_Landing_Page" time="98.884" classname="com.qait.acs.tests.DOIContent"/>
  <testcase name="Step29_AJ_29_Verify_Functionality_Of_Elements_On_Article_Landing_Page" time="90.735" classname="com.qait.acs.tests.DOIContent"/>
  <testcase name="Step29_AJ_29_Verify_Functionality_Of_Elements_On_Article_Landing_Page" time="103.441" classname="com.qait.acs.tests.DOIContent"/>
  <testcase name="Step29_AJ_29_Verify_Functionality_Of_Elements_On_Article_Landing_Page" time="119.015" classname="com.qait.acs.tests.DOIContent"/>
  <testcase name="Step29_AJ_29_Verify_Functionality_Of_Elements_On_Article_Landing_Page" time="95.869" classname="com.qait.acs.tests.DOIContent"/>
  <testcase name="Step29_AJ_29_Verify_Functionality_Of_Elements_On_Article_Landing_Page" time="105.632" classname="com.qait.acs.tests.DOIContent"/>
  <testcase name="Step29_AJ_29_Verify_Functionality_Of_Elements_On_Article_Landing_Page" time="74.192" classname="com.qait.acs.tests.DOIContent">
    <error type="java.lang.AssertionError" message="FAILED: Element &#039;img_CoverArt&#039; not found on the articlePage !!!">
      <![CDATA[java.lang.AssertionError: FAILED: Element 'img_CoverArt' not found on the articlePage !!!
	at org.testng.Assert.fail(Assert.java:94)
	at com.qait.automation.getpageobjects.GetPage.element(GetPage.java:80)
	at com.qait.automation.getpageobjects.GetPage.isElementDisplayed(GetPage.java:169)
	at com.qait.acs.keywords.ArticleLandingPageActions.verifyElementsOnArticleLandingPage(ArticleLandingPageActions.java:75)
	at com.qait.acs.tests.DOIContent.Step29_AJ_29_Verify_Functionality_Of_Elements_On_Article_Landing_Page(DOIContent.java:74)
	at sun.reflect.GeneratedMethodAccessor3.invoke(Unknown Source)
	at sun.reflect.DelegatingMethodAccessorImpl.invoke(DelegatingMethodAccessorImpl.java:43)
	at java.lang.reflect.Method.invoke(Method.java:498)
	at org.testng.internal.MethodInvocationHelper.invokeMethod(MethodInvocationHelper.java:84)
	at org.testng.internal.Invoker.invokeMethod(Invoker.java:714)
	at org.testng.internal.Invoker.invokeTestMethod(Invoker.java:901)
	at org.testng.internal.Invoker.invokeTestMethods(Invoker.java:1231)
	at org.testng.internal.TestMethodWorker.invokeTestMethods(TestMethodWorker.java:127)
	at org.testng.internal.TestMethodWorker.run(TestMethodWorker.java:111)
	at java.util.concurrent.ThreadPoolExecutor.runWorker(ThreadPoolExecutor.java:1149)
	at java.util.concurrent.ThreadPoolExecutor$Worker.run(ThreadPoolExecutor.java:624)
	at java.lang.Thread.run(Thread.java:748)
]]>
    </error>
  </testcase> <!-- Step29_AJ_29_Verify_Functionality_Of_Elements_On_Article_Landing_Page -->
  <testcase name="Step29_AJ_29_Verify_Functionality_Of_Elements_On_Article_Landing_Page" time="109.244" classname="com.qait.acs.tests.DOIContent"/>
  <testcase name="Step29_AJ_29_Verify_Functionality_Of_Elements_On_Article_Landing_Page" time="96.387" classname="com.qait.acs.tests.DOIContent"/>
  <testcase name="Step29_AJ_29_Verify_Functionality_Of_Elements_On_Article_Landing_Page" time="73.496" classname="com.qait.acs.tests.DOIContent">
    <error type="java.lang.AssertionError" message="FAILED: Element &#039;img_CoverArt&#039; not found on the articlePage !!!">
      <![CDATA[java.lang.AssertionError: FAILED: Element 'img_CoverArt' not found on the articlePage !!!
	at org.testng.Assert.fail(Assert.java:94)
	at com.qait.automation.getpageobjects.GetPage.element(GetPage.java:80)
	at com.qait.automation.getpageobjects.GetPage.isElementDisplayed(GetPage.java:169)
	at com.qait.acs.keywords.ArticleLandingPageActions.verifyElementsOnArticleLandingPage(ArticleLandingPageActions.java:75)
	at com.qait.acs.tests.DOIContent.Step29_AJ_29_Verify_Functionality_Of_Elements_On_Article_Landing_Page(DOIContent.java:74)
	at sun.reflect.GeneratedMethodAccessor3.invoke(Unknown Source)
	at sun.reflect.DelegatingMethodAccessorImpl.invoke(DelegatingMethodAccessorImpl.java:43)
	at java.lang.reflect.Method.invoke(Method.java:498)
	at org.testng.internal.MethodInvocationHelper.invokeMethod(MethodInvocationHelper.java:84)
	at org.testng.internal.Invoker.invokeMethod(Invoker.java:714)
	at org.testng.internal.Invoker.invokeTestMethod(Invoker.java:901)
	at org.testng.internal.Invoker.invokeTestMethods(Invoker.java:1231)
	at org.testng.internal.TestMethodWorker.invokeTestMethods(TestMethodWorker.java:127)
	at org.testng.internal.TestMethodWorker.run(TestMethodWorker.java:111)
	at java.util.concurrent.ThreadPoolExecutor.runWorker(ThreadPoolExecutor.java:1149)
	at java.util.concurrent.ThreadPoolExecutor$Worker.run(ThreadPoolExecutor.java:624)
	at java.lang.Thread.run(Thread.java:748)
]]>
    </error>
  </testcase> <!-- Step29_AJ_29_Verify_Functionality_Of_Elements_On_Article_Landing_Page -->
  <testcase name="Step29_AJ_29_Verify_Functionality_Of_Elements_On_Article_Landing_Page" time="116.947" classname="com.qait.acs.tests.DOIContent"/>
  <testcase name="Step29_AJ_29_Verify_Functionality_Of_Elements_On_Article_Landing_Page" time="116.152" classname="com.qait.acs.tests.DOIContent"/>
  <testcase name="Step29_AJ_29_Verify_Functionality_Of_Elements_On_Article_Landing_Page" time="86.727" classname="com.qait.acs.tests.DOIContent"/>
  <testcase name="Step29_AJ_29_Verify_Functionality_Of_Elements_On_Article_Landing_Page" time="106.256" classname="com.qait.acs.tests.DOIContent"/>
  <testcase name="Step29_AJ_29_Verify_Functionality_Of_Elements_On_Article_Landing_Page" time="108.961" classname="com.qait.acs.tests.DOIContent"/>
  <testcase name="Step29_AJ_29_Verify_Functionality_Of_Elements_On_Article_Landing_Page" time="100.978" classname="com.qait.acs.tests.DOIContent"/>
  <testcase name="Step29_AJ_29_Verify_Functionality_Of_Elements_On_Article_Landing_Page" time="97.405" classname="com.qait.acs.tests.DOIContent"/>
  <testcase name="Step29_AJ_29_Verify_Functionality_Of_Elements_On_Article_Landing_Page" time="112.694" classname="com.qait.acs.tests.DOIContent"/>
  <testcase name="Step29_AJ_29_Verify_Functionality_Of_Elements_On_Article_Landing_Page" time="94.310" classname="com.qait.acs.tests.DOIContent"/>
  <testcase name="Step29_AJ_29_Verify_Functionality_Of_Elements_On_Article_Landing_Page" time="123.455" classname="com.qait.acs.tests.DOIContent"/>
  <testcase name="Step29_AJ_29_Verify_Functionality_Of_Elements_On_Article_Landing_Page" time="103.891" classname="com.qait.acs.tests.DOIContent">
    <error type="java.lang.AssertionError" message="Assertion Failed: Cite Info hyperlink text not displayed in the correct format. expected [true] but found [false]">
      <![CDATA[java.lang.AssertionError: Assertion Failed: Cite Info hyperlink text not displayed in the correct format. expected [true] but found [false]
	at org.testng.Assert.fail(Assert.java:94)
	at org.testng.Assert.failNotEquals(Assert.java:494)
	at org.testng.Assert.assertTrue(Assert.java:42)
	at com.qait.acs.keywords.ArticleLandingPageActions.verifyCiteThisInfoOnArticlePage(ArticleLandingPageActions.java:325)
	at com.qait.acs.tests.DOIContent.Step29_AJ_29_Verify_Functionality_Of_Elements_On_Article_Landing_Page(DOIContent.java:78)
	at sun.reflect.GeneratedMethodAccessor3.invoke(Unknown Source)
	at sun.reflect.DelegatingMethodAccessorImpl.invoke(DelegatingMethodAccessorImpl.java:43)
	at java.lang.reflect.Method.invoke(Method.java:498)
	at org.testng.internal.MethodInvocationHelper.invokeMethod(MethodInvocationHelper.java:84)
	at org.testng.internal.Invoker.invokeMethod(Invoker.java:714)
	at org.testng.internal.Invoker.invokeTestMethod(Invoker.java:901)
	at org.testng.internal.Invoker.invokeTestMethods(Invoker.java:1231)
	at org.testng.internal.TestMethodWorker.invokeTestMethods(TestMethodWorker.java:127)
	at org.testng.internal.TestMethodWorker.run(TestMethodWorker.java:111)
	at java.util.concurrent.ThreadPoolExecutor.runWorker(ThreadPoolExecutor.java:1149)
	at java.util.concurrent.ThreadPoolExecutor$Worker.run(ThreadPoolExecutor.java:624)
	at java.lang.Thread.run(Thread.java:748)
]]>
    </error>
  </testcase> <!-- Step29_AJ_29_Verify_Functionality_Of_Elements_On_Article_Landing_Page -->
  <testcase name="Step29_AJ_29_Verify_Functionality_Of_Elements_On_Article_Landing_Page" time="119.500" classname="com.qait.acs.tests.DOIContent"/>
  <testcase name="Step29_AJ_29_Verify_Functionality_Of_Elements_On_Article_Landing_Page" time="102.224" classname="com.qait.acs.tests.DOIContent"/>
  <testcase name="Step29_AJ_29_Verify_Functionality_Of_Elements_On_Article_Landing_Page" time="106.012" classname="com.qait.acs.tests.DOIContent"/>
  <testcase name="Step29_AJ_29_Verify_Functionality_Of_Elements_On_Article_Landing_Page" time="79.545" classname="com.qait.acs.tests.DOIContent"/>
  <testcase name="Step29_AJ_29_Verify_Functionality_Of_Elements_On_Article_Landing_Page" time="102.801" classname="com.qait.acs.tests.DOIContent"/>
  <testcase name="Step29_AJ_29_Verify_Functionality_Of_Elements_On_Article_Landing_Page" time="79.933" classname="com.qait.acs.tests.DOIContent"/>
  <testcase name="Step29_AJ_29_Verify_Functionality_Of_Elements_On_Article_Landing_Page" time="102.118" classname="com.qait.acs.tests.DOIContent"/>
  <testcase name="Step29_AJ_29_Verify_Functionality_Of_Elements_On_Article_Landing_Page" time="110.996" classname="com.qait.acs.tests.DOIContent"/>
  <testcase name="Step29_AJ_29_Verify_Functionality_Of_Elements_On_Article_Landing_Page" time="118.800" classname="com.qait.acs.tests.DOIContent"/>
  <testcase name="Step29_AJ_29_Verify_Functionality_Of_Elements_On_Article_Landing_Page" time="108.096" classname="com.qait.acs.tests.DOIContent"/>
  <testcase name="Step29_AJ_29_Verify_Functionality_Of_Elements_On_Article_Landing_Page" time="113.477" classname="com.qait.acs.tests.DOIContent"/>
  <testcase name="Step29_AJ_29_Verify_Functionality_Of_Elements_On_Article_Landing_Page" time="78.750" classname="com.qait.acs.tests.DOIContent"/>
  <testcase name="Step29_AJ_29_Verify_Functionality_Of_Elements_On_Article_Landing_Page" time="99.576" classname="com.qait.acs.tests.DOIContent"/>
  <testcase name="Step29_AJ_29_Verify_Functionality_Of_Elements_On_Article_Landing_Page" time="88.485" classname="com.qait.acs.tests.DOIContent">
    <error type="java.lang.AssertionError" message="Assertion Failed: Cite Info hyperlink text not displayed in the correct format. expected [true] but found [false]">
      <![CDATA[java.lang.AssertionError: Assertion Failed: Cite Info hyperlink text not displayed in the correct format. expected [true] but found [false]
	at org.testng.Assert.fail(Assert.java:94)
	at org.testng.Assert.failNotEquals(Assert.java:494)
	at org.testng.Assert.assertTrue(Assert.java:42)
	at com.qait.acs.keywords.ArticleLandingPageActions.verifyCiteThisInfoOnArticlePage(ArticleLandingPageActions.java:325)
	at com.qait.acs.tests.DOIContent.Step29_AJ_29_Verify_Functionality_Of_Elements_On_Article_Landing_Page(DOIContent.java:78)
	at sun.reflect.GeneratedMethodAccessor3.invoke(Unknown Source)
	at sun.reflect.DelegatingMethodAccessorImpl.invoke(DelegatingMethodAccessorImpl.java:43)
	at java.lang.reflect.Method.invoke(Method.java:498)
	at org.testng.internal.MethodInvocationHelper.invokeMethod(MethodInvocationHelper.java:84)
	at org.testng.internal.Invoker.invokeMethod(Invoker.java:714)
	at org.testng.internal.Invoker.invokeTestMethod(Invoker.java:901)
	at org.testng.internal.Invoker.invokeTestMethods(Invoker.java:1231)
	at org.testng.internal.TestMethodWorker.invokeTestMethods(TestMethodWorker.java:127)
	at org.testng.internal.TestMethodWorker.run(TestMethodWorker.java:111)
	at java.util.concurrent.ThreadPoolExecutor.runWorker(ThreadPoolExecutor.java:1149)
	at java.util.concurrent.ThreadPoolExecutor$Worker.run(ThreadPoolExecutor.java:624)
	at java.lang.Thread.run(Thread.java:748)
]]>
    </error>
  </testcase> <!-- Step29_AJ_29_Verify_Functionality_Of_Elements_On_Article_Landing_Page -->
  <testcase name="Step29_AJ_29_Verify_Functionality_Of_Elements_On_Article_Landing_Page" time="108.856" classname="com.qait.acs.tests.DOIContent"/>
  <testcase name="Step29_AJ_29_Verify_Functionality_Of_Elements_On_Article_Landing_Page" time="95.332" classname="com.qait.acs.tests.DOIContent"/>
  <testcase name="Step29_AJ_29_Verify_Functionality_Of_Elements_On_Article_Landing_Page" time="85.797" classname="com.qait.acs.tests.DOIContent"/>
  <testcase name="Step29_AJ_29_Verify_Functionality_Of_Elements_On_Article_Landing_Page" time="110.352" classname="com.qait.acs.tests.DOIContent"/>
  <testcase name="Step29_AJ_29_Verify_Functionality_Of_Elements_On_Article_Landing_Page" time="96.914" classname="com.qait.acs.tests.DOIContent"/>
  <testcase name="Step29_AJ_29_Verify_Functionality_Of_Elements_On_Article_Landing_Page" time="97.449" classname="com.qait.acs.tests.DOIContent"/>
  <testcase name="Step29_AJ_29_Verify_Functionality_Of_Elements_On_Article_Landing_Page" time="106.022" classname="com.qait.acs.tests.DOIContent"/>
  <testcase name="Step29_AJ_29_Verify_Functionality_Of_Elements_On_Article_Landing_Page" time="89.930" classname="com.qait.acs.tests.DOIContent"/>
  <testcase name="Step29_AJ_29_Verify_Functionality_Of_Elements_On_Article_Landing_Page" time="118.265" classname="com.qait.acs.tests.DOIContent"/>
  <testcase name="Step29_AJ_29_Verify_Functionality_Of_Elements_On_Article_Landing_Page" time="137.945" classname="com.qait.acs.tests.DOIContent"/>
  <testcase name="Step29_AJ_29_Verify_Functionality_Of_Elements_On_Article_Landing_Page" time="104.650" classname="com.qait.acs.tests.DOIContent"/>
  <testcase name="Step29_AJ_29_Verify_Functionality_Of_Elements_On_Article_Landing_Page" time="104.203" classname="com.qait.acs.tests.DOIContent"/>
  <testcase name="Step29_AJ_29_Verify_Functionality_Of_Elements_On_Article_Landing_Page" time="83.897" classname="com.qait.acs.tests.DOIContent"/>
  <testcase name="Step29_AJ_29_Verify_Functionality_Of_Elements_On_Article_Landing_Page" time="105.765" classname="com.qait.acs.tests.DOIContent"/>
  <testcase name="Step29_AJ_29_Verify_Functionality_Of_Elements_On_Article_Landing_Page" time="78.277" classname="com.qait.acs.tests.DOIContent">
    <error type="java.lang.AssertionError" message="FAILED: Element &#039;img_CoverArt&#039; not found on the articlePage !!!">
      <![CDATA[java.lang.AssertionError: FAILED: Element 'img_CoverArt' not found on the articlePage !!!
	at org.testng.Assert.fail(Assert.java:94)
	at com.qait.automation.getpageobjects.GetPage.element(GetPage.java:80)
	at com.qait.automation.getpageobjects.GetPage.isElementDisplayed(GetPage.java:169)
	at com.qait.acs.keywords.ArticleLandingPageActions.verifyElementsOnArticleLandingPage(ArticleLandingPageActions.java:75)
	at com.qait.acs.tests.DOIContent.Step29_AJ_29_Verify_Functionality_Of_Elements_On_Article_Landing_Page(DOIContent.java:74)
	at sun.reflect.GeneratedMethodAccessor3.invoke(Unknown Source)
	at sun.reflect.DelegatingMethodAccessorImpl.invoke(DelegatingMethodAccessorImpl.java:43)
	at java.lang.reflect.Method.invoke(Method.java:498)
	at org.testng.internal.MethodInvocationHelper.invokeMethod(MethodInvocationHelper.java:84)
	at org.testng.internal.Invoker.invokeMethod(Invoker.java:714)
	at org.testng.internal.Invoker.invokeTestMethod(Invoker.java:901)
	at org.testng.internal.Invoker.invokeTestMethods(Invoker.java:1231)
	at org.testng.internal.TestMethodWorker.invokeTestMethods(TestMethodWorker.java:127)
	at org.testng.internal.TestMethodWorker.run(TestMethodWorker.java:111)
	at java.util.concurrent.ThreadPoolExecutor.runWorker(ThreadPoolExecutor.java:1149)
	at java.util.concurrent.ThreadPoolExecutor$Worker.run(ThreadPoolExecutor.java:624)
	at java.lang.Thread.run(Thread.java:748)
]]>
    </error>
  </testcase> <!-- Step29_AJ_29_Verify_Functionality_Of_Elements_On_Article_Landing_Page -->
  <testcase name="Step29_AJ_29_Verify_Functionality_Of_Elements_On_Article_Landing_Page" time="98.184" classname="com.qait.acs.tests.DOIContent"/>
  <testcase name="Step29_AJ_29_Verify_Functionality_Of_Elements_On_Article_Landing_Page" time="88.321" classname="com.qait.acs.tests.DOIContent"/>
  <testcase name="Step29_AJ_29_Verify_Functionality_Of_Elements_On_Article_Landing_Page" time="94.797" classname="com.qait.acs.tests.DOIContent"/>
  <testcase name="Step29_AJ_29_Verify_Functionality_Of_Elements_On_Article_Landing_Page" time="84.589" classname="com.qait.acs.tests.DOIContent"/>
  <testcase name="Step29_AJ_29_Verify_Functionality_Of_Elements_On_Article_Landing_Page" time="102.715" classname="com.qait.acs.tests.DOIContent"/>
  <testcase name="Step29_AJ_29_Verify_Functionality_Of_Elements_On_Article_Landing_Page" time="94.039" classname="com.qait.acs.tests.DOIContent"/>
  <testcase name="Step29_AJ_29_Verify_Functionality_Of_Elements_On_Article_Landing_Page" time="130.764" classname="com.qait.acs.tests.DOIContent"/>
  <testcase name="Step29_AJ_29_Verify_Functionality_Of_Elements_On_Article_Landing_Page" time="120.892" classname="com.qait.acs.tests.DOIContent"/>
  <testcase name="Step29_AJ_29_Verify_Functionality_Of_Elements_On_Article_Landing_Page" time="94.932" classname="com.qait.acs.tests.DOIContent"/>
  <testcase name="Step29_AJ_29_Verify_Functionality_Of_Elements_On_Article_Landing_Page" time="113.901" classname="com.qait.acs.tests.DOIContent"/>
  <testcase name="Step29_AJ_29_Verify_Functionality_Of_Elements_On_Article_Landing_Page" time="73.494" classname="com.qait.acs.tests.DOIContent">
    <error type="java.lang.AssertionError" message="FAILED: Element &#039;img_CoverArt&#039; not found on the articlePage !!!">
      <![CDATA[java.lang.AssertionError: FAILED: Element 'img_CoverArt' not found on the articlePage !!!
	at org.testng.Assert.fail(Assert.java:94)
	at com.qait.automation.getpageobjects.GetPage.element(GetPage.java:80)
	at com.qait.automation.getpageobjects.GetPage.isElementDisplayed(GetPage.java:169)
	at com.qait.acs.keywords.ArticleLandingPageActions.verifyElementsOnArticleLandingPage(ArticleLandingPageActions.java:75)
	at com.qait.acs.tests.DOIContent.Step29_AJ_29_Verify_Functionality_Of_Elements_On_Article_Landing_Page(DOIContent.java:74)
	at sun.reflect.GeneratedMethodAccessor3.invoke(Unknown Source)
	at sun.reflect.DelegatingMethodAccessorImpl.invoke(DelegatingMethodAccessorImpl.java:43)
	at java.lang.reflect.Method.invoke(Method.java:498)
	at org.testng.internal.MethodInvocationHelper.invokeMethod(MethodInvocationHelper.java:84)
	at org.testng.internal.Invoker.invokeMethod(Invoker.java:714)
	at org.testng.internal.Invoker.invokeTestMethod(Invoker.java:901)
	at org.testng.internal.Invoker.invokeTestMethods(Invoker.java:1231)
	at org.testng.internal.TestMethodWorker.invokeTestMethods(TestMethodWorker.java:127)
	at org.testng.internal.TestMethodWorker.run(TestMethodWorker.java:111)
	at java.util.concurrent.ThreadPoolExecutor.runWorker(ThreadPoolExecutor.java:1149)
	at java.util.concurrent.ThreadPoolExecutor$Worker.run(ThreadPoolExecutor.java:624)
	at java.lang.Thread.run(Thread.java:748)
]]>
    </error>
  </testcase> <!-- Step29_AJ_29_Verify_Functionality_Of_Elements_On_Article_Landing_Page -->
  <testcase name="Step29_AJ_29_Verify_Functionality_Of_Elements_On_Article_Landing_Page" time="103.320" classname="com.qait.acs.tests.DOIContent"/>
  <testcase name="Step29_AJ_29_Verify_Functionality_Of_Elements_On_Article_Landing_Page" time="93.750" classname="com.qait.acs.tests.DOIContent"/>
  <testcase name="Step29_AJ_29_Verify_Functionality_Of_Elements_On_Article_Landing_Page" time="102.309" classname="com.qait.acs.tests.DOIContent"/>
  <testcase name="Step29_AJ_29_Verify_Functionality_Of_Elements_On_Article_Landing_Page" time="112.884" classname="com.qait.acs.tests.DOIContent"/>
  <testcase name="Step29_AJ_29_Verify_Functionality_Of_Elements_On_Article_Landing_Page" time="101.171" classname="com.qait.acs.tests.DOIContent"/>
  <testcase name="Step29_AJ_29_Verify_Functionality_Of_Elements_On_Article_Landing_Page" time="100.488" classname="com.qait.acs.tests.DOIContent"/>
  <testcase name="Step29_AJ_29_Verify_Functionality_Of_Elements_On_Article_Landing_Page" time="101.213" classname="com.qait.acs.tests.DOIContent"/>
  <testcase name="Step29_AJ_29_Verify_Functionality_Of_Elements_On_Article_Landing_Page" time="109.178" classname="com.qait.acs.tests.DOIContent"/>
  <testcase name="Step29_AJ_29_Verify_Functionality_Of_Elements_On_Article_Landing_Page" time="106.049" classname="com.qait.acs.tests.DOIContent"/>
  <testcase name="Step29_AJ_29_Verify_Functionality_Of_Elements_On_Article_Landing_Page" time="108.635" classname="com.qait.acs.tests.DOIContent"/>
  <testcase name="Step29_AJ_29_Verify_Functionality_Of_Elements_On_Article_Landing_Page" time="134.883" classname="com.qait.acs.tests.DOIContent"/>
  <testcase name="Step29_AJ_29_Verify_Functionality_Of_Elements_On_Article_Landing_Page" time="97.170" classname="com.qait.acs.tests.DOIContent"/>
  <testcase name="Step29_AJ_29_Verify_Functionality_Of_Elements_On_Article_Landing_Page" time="99.957" classname="com.qait.acs.tests.DOIContent"/>
  <testcase name="Step29_AJ_29_Verify_Functionality_Of_Elements_On_Article_Landing_Page" time="99.817" classname="com.qait.acs.tests.DOIContent"/>
  <testcase name="Step29_AJ_29_Verify_Functionality_Of_Elements_On_Article_Landing_Page" time="88.938" classname="com.qait.acs.tests.DOIContent">
    <error type="java.lang.AssertionError" message="FAILED: Element &#039;img_CoverArt&#039; not found on the articlePage !!!">
      <![CDATA[java.lang.AssertionError: FAILED: Element 'img_CoverArt' not found on the articlePage !!!
	at org.testng.Assert.fail(Assert.java:94)
	at com.qait.automation.getpageobjects.GetPage.element(GetPage.java:80)
	at com.qait.automation.getpageobjects.GetPage.isElementDisplayed(GetPage.java:169)
	at com.qait.acs.keywords.ArticleLandingPageActions.verifyElementsOnArticleLandingPage(ArticleLandingPageActions.java:75)
	at com.qait.acs.tests.DOIContent.Step29_AJ_29_Verify_Functionality_Of_Elements_On_Article_Landing_Page(DOIContent.java:74)
	at sun.reflect.GeneratedMethodAccessor3.invoke(Unknown Source)
	at sun.reflect.DelegatingMethodAccessorImpl.invoke(DelegatingMethodAccessorImpl.java:43)
	at java.lang.reflect.Method.invoke(Method.java:498)
	at org.testng.internal.MethodInvocationHelper.invokeMethod(MethodInvocationHelper.java:84)
	at org.testng.internal.Invoker.invokeMethod(Invoker.java:714)
	at org.testng.internal.Invoker.invokeTestMethod(Invoker.java:901)
	at org.testng.internal.Invoker.invokeTestMethods(Invoker.java:1231)
	at org.testng.internal.TestMethodWorker.invokeTestMethods(TestMethodWorker.java:127)
	at org.testng.internal.TestMethodWorker.run(TestMethodWorker.java:111)
	at java.util.concurrent.ThreadPoolExecutor.runWorker(ThreadPoolExecutor.java:1149)
	at java.util.concurrent.ThreadPoolExecutor$Worker.run(ThreadPoolExecutor.java:624)
	at java.lang.Thread.run(Thread.java:748)
]]>
    </error>
  </testcase> <!-- Step29_AJ_29_Verify_Functionality_Of_Elements_On_Article_Landing_Page -->
  <testcase name="Step29_AJ_29_Verify_Functionality_Of_Elements_On_Article_Landing_Page" time="91.639" classname="com.qait.acs.tests.DOIContent"/>
  <testcase name="Step29_AJ_29_Verify_Functionality_Of_Elements_On_Article_Landing_Page" time="106.404" classname="com.qait.acs.tests.DOIContent"/>
  <testcase name="Step29_AJ_29_Verify_Functionality_Of_Elements_On_Article_Landing_Page" time="97.273" classname="com.qait.acs.tests.DOIContent"/>
  <testcase name="Step29_AJ_29_Verify_Functionality_Of_Elements_On_Article_Landing_Page" time="105.244" classname="com.qait.acs.tests.DOIContent"/>
  <testcase name="Step29_AJ_29_Verify_Functionality_Of_Elements_On_Article_Landing_Page" time="86.356" classname="com.qait.acs.tests.DOIContent"/>
  <testcase name="Step29_AJ_29_Verify_Functionality_Of_Elements_On_Article_Landing_Page" time="101.982" classname="com.qait.acs.tests.DOIContent"/>
  <testcase name="Step29_AJ_29_Verify_Functionality_Of_Elements_On_Article_Landing_Page" time="91.013" classname="com.qait.acs.tests.DOIContent"/>
  <testcase name="Step29_AJ_29_Verify_Functionality_Of_Elements_On_Article_Landing_Page" time="126.523" classname="com.qait.acs.tests.DOIContent"/>
  <testcase name="Step29_AJ_29_Verify_Functionality_Of_Elements_On_Article_Landing_Page" time="74.784" classname="com.qait.acs.tests.DOIContent"/>
  <testcase name="Step29_AJ_29_Verify_Functionality_Of_Elements_On_Article_Landing_Page" time="110.166" classname="com.qait.acs.tests.DOIContent"/>
  <testcase name="Step29_AJ_29_Verify_Functionality_Of_Elements_On_Article_Landing_Page" time="109.492" classname="com.qait.acs.tests.DOIContent"/>
  <testcase name="Step29_AJ_29_Verify_Functionality_Of_Elements_On_Article_Landing_Page" time="111.800" classname="com.qait.acs.tests.DOIContent"/>
  <testcase name="Step29_AJ_29_Verify_Functionality_Of_Elements_On_Article_Landing_Page" time="104.416" classname="com.qait.acs.tests.DOIContent"/>
  <testcase name="Step29_AJ_29_Verify_Functionality_Of_Elements_On_Article_Landing_Page" time="100.488" classname="com.qait.acs.tests.DOIContent"/>
  <testcase name="Step29_AJ_29_Verify_Functionality_Of_Elements_On_Article_Landing_Page" time="90.375" classname="com.qait.acs.tests.DOIContent"/>
  <testcase name="Step29_AJ_29_Verify_Functionality_Of_Elements_On_Article_Landing_Page" time="96.779" classname="com.qait.acs.tests.DOIContent"/>
  <testcase name="Step29_AJ_29_Verify_Functionality_Of_Elements_On_Article_Landing_Page" time="115.620" classname="com.qait.acs.tests.DOIContent"/>
  <testcase name="Step29_AJ_29_Verify_Functionality_Of_Elements_On_Article_Landing_Page" time="108.791" classname="com.qait.acs.tests.DOIContent"/>
  <testcase name="Step29_AJ_29_Verify_Functionality_Of_Elements_On_Article_Landing_Page" time="101.402" classname="com.qait.acs.tests.DOIContent"/>
  <testcase name="Step29_AJ_29_Verify_Functionality_Of_Elements_On_Article_Landing_Page" time="124.456" classname="com.qait.acs.tests.DOIContent"/>
  <testcase name="Step29_AJ_29_Verify_Functionality_Of_Elements_On_Article_Landing_Page" time="113.206" classname="com.qait.acs.tests.DOIContent"/>
  <testcase name="Step29_AJ_29_Verify_Functionality_Of_Elements_On_Article_Landing_Page" time="116.001" classname="com.qait.acs.tests.DOIContent"/>
  <testcase name="Step29_AJ_29_Verify_Functionality_Of_Elements_On_Article_Landing_Page" time="116.758" classname="com.qait.acs.tests.DOIContent"/>
  <testcase name="Step29_AJ_29_Verify_Functionality_Of_Elements_On_Article_Landing_Page" time="105.780" classname="com.qait.acs.tests.DOIContent"/>
  <testcase name="Step29_AJ_29_Verify_Functionality_Of_Elements_On_Article_Landing_Page" time="85.200" classname="com.qait.acs.tests.DOIContent">
    <error type="java.lang.AssertionError" message="Assertion Failed: Cite Info hyperlink text not displayed in the correct format. expected [true] but found [false]">
      <![CDATA[java.lang.AssertionError: Assertion Failed: Cite Info hyperlink text not displayed in the correct format. expected [true] but found [false]
	at org.testng.Assert.fail(Assert.java:94)
	at org.testng.Assert.failNotEquals(Assert.java:494)
	at org.testng.Assert.assertTrue(Assert.java:42)
	at com.qait.acs.keywords.ArticleLandingPageActions.verifyCiteThisInfoOnArticlePage(ArticleLandingPageActions.java:325)
	at com.qait.acs.tests.DOIContent.Step29_AJ_29_Verify_Functionality_Of_Elements_On_Article_Landing_Page(DOIContent.java:78)
	at sun.reflect.GeneratedMethodAccessor3.invoke(Unknown Source)
	at sun.reflect.DelegatingMethodAccessorImpl.invoke(DelegatingMethodAccessorImpl.java:43)
	at java.lang.reflect.Method.invoke(Method.java:498)
	at org.testng.internal.MethodInvocationHelper.invokeMethod(MethodInvocationHelper.java:84)
	at org.testng.internal.Invoker.invokeMethod(Invoker.java:714)
	at org.testng.internal.Invoker.invokeTestMethod(Invoker.java:901)
	at org.testng.internal.Invoker.invokeTestMethods(Invoker.java:1231)
	at org.testng.internal.TestMethodWorker.invokeTestMethods(TestMethodWorker.java:127)
	at org.testng.internal.TestMethodWorker.run(TestMethodWorker.java:111)
	at java.util.concurrent.ThreadPoolExecutor.runWorker(ThreadPoolExecutor.java:1149)
	at java.util.concurrent.ThreadPoolExecutor$Worker.run(ThreadPoolExecutor.java:624)
	at java.lang.Thread.run(Thread.java:748)
]]>
    </error>
  </testcase> <!-- Step29_AJ_29_Verify_Functionality_Of_Elements_On_Article_Landing_Page -->
  <testcase name="Step29_AJ_29_Verify_Functionality_Of_Elements_On_Article_Landing_Page" time="87.329" classname="com.qait.acs.tests.DOIContent"/>
  <testcase name="Step29_AJ_29_Verify_Functionality_Of_Elements_On_Article_Landing_Page" time="112.210" classname="com.qait.acs.tests.DOIContent"/>
  <testcase name="Step29_AJ_29_Verify_Functionality_Of_Elements_On_Article_Landing_Page" time="84.233" classname="com.qait.acs.tests.DOIContent"/>
  <testcase name="Step29_AJ_29_Verify_Functionality_Of_Elements_On_Article_Landing_Page" time="101.470" classname="com.qait.acs.tests.DOIContent"/>
  <testcase name="Step29_AJ_29_Verify_Functionality_Of_Elements_On_Article_Landing_Page" time="139.512" classname="com.qait.acs.tests.DOIContent"/>
  <testcase name="Step29_AJ_29_Verify_Functionality_Of_Elements_On_Article_Landing_Page" time="73.659" classname="com.qait.acs.tests.DOIContent"/>
  <testcase name="Step29_AJ_29_Verify_Functionality_Of_Elements_On_Article_Landing_Page" time="84.571" classname="com.qait.acs.tests.DOIContent"/>
  <testcase name="Step29_AJ_29_Verify_Functionality_Of_Elements_On_Article_Landing_Page" time="93.752" classname="com.qait.acs.tests.DOIContent"/>
  <testcase name="Step29_AJ_29_Verify_Functionality_Of_Elements_On_Article_Landing_Page" time="102.725" classname="com.qait.acs.tests.DOIContent"/>
  <testcase name="Step29_AJ_29_Verify_Functionality_Of_Elements_On_Article_Landing_Page" time="116.188" classname="com.qait.acs.tests.DOIContent"/>
  <testcase name="Step29_AJ_29_Verify_Functionality_Of_Elements_On_Article_Landing_Page" time="101.018" classname="com.qait.acs.tests.DOIContent"/>
  <testcase name="Step29_AJ_29_Verify_Functionality_Of_Elements_On_Article_Landing_Page" time="109.799" classname="com.qait.acs.tests.DOIContent"/>
  <testcase name="Step29_AJ_29_Verify_Functionality_Of_Elements_On_Article_Landing_Page" time="90.801" classname="com.qait.acs.tests.DOIContent"/>
  <testcase name="Step29_AJ_29_Verify_Functionality_Of_Elements_On_Article_Landing_Page" time="85.167" classname="com.qait.acs.tests.DOIContent">
    <error type="java.lang.AssertionError" message="FAILED: Element &#039;img_CoverArt&#039; not found on the articlePage !!!">
      <![CDATA[java.lang.AssertionError: FAILED: Element 'img_CoverArt' not found on the articlePage !!!
	at org.testng.Assert.fail(Assert.java:94)
	at com.qait.automation.getpageobjects.GetPage.element(GetPage.java:80)
	at com.qait.automation.getpageobjects.GetPage.isElementDisplayed(GetPage.java:169)
	at com.qait.acs.keywords.ArticleLandingPageActions.verifyElementsOnArticleLandingPage(ArticleLandingPageActions.java:75)
	at com.qait.acs.tests.DOIContent.Step29_AJ_29_Verify_Functionality_Of_Elements_On_Article_Landing_Page(DOIContent.java:74)
	at sun.reflect.GeneratedMethodAccessor3.invoke(Unknown Source)
	at sun.reflect.DelegatingMethodAccessorImpl.invoke(DelegatingMethodAccessorImpl.java:43)
	at java.lang.reflect.Method.invoke(Method.java:498)
	at org.testng.internal.MethodInvocationHelper.invokeMethod(MethodInvocationHelper.java:84)
	at org.testng.internal.Invoker.invokeMethod(Invoker.java:714)
	at org.testng.internal.Invoker.invokeTestMethod(Invoker.java:901)
	at org.testng.internal.Invoker.invokeTestMethods(Invoker.java:1231)
	at org.testng.internal.TestMethodWorker.invokeTestMethods(TestMethodWorker.java:127)
	at org.testng.internal.TestMethodWorker.run(TestMethodWorker.java:111)
	at java.util.concurrent.ThreadPoolExecutor.runWorker(ThreadPoolExecutor.java:1149)
	at java.util.concurrent.ThreadPoolExecutor$Worker.run(ThreadPoolExecutor.java:624)
	at java.lang.Thread.run(Thread.java:748)
]]>
    </error>
  </testcase> <!-- Step29_AJ_29_Verify_Functionality_Of_Elements_On_Article_Landing_Page -->
  <testcase name="Step29_AJ_29_Verify_Functionality_Of_Elements_On_Article_Landing_Page" time="77.322" classname="com.qait.acs.tests.DOIContent">
    <error type="java.lang.AssertionError" message="FAILED: Element &#039;img_CoverArt&#039; not found on the articlePage !!!">
      <![CDATA[java.lang.AssertionError: FAILED: Element 'img_CoverArt' not found on the articlePage !!!
	at org.testng.Assert.fail(Assert.java:94)
	at com.qait.automation.getpageobjects.GetPage.element(GetPage.java:80)
	at com.qait.automation.getpageobjects.GetPage.isElementDisplayed(GetPage.java:169)
	at com.qait.acs.keywords.ArticleLandingPageActions.verifyElementsOnArticleLandingPage(ArticleLandingPageActions.java:75)
	at com.qait.acs.tests.DOIContent.Step29_AJ_29_Verify_Functionality_Of_Elements_On_Article_Landing_Page(DOIContent.java:74)
	at sun.reflect.GeneratedMethodAccessor3.invoke(Unknown Source)
	at sun.reflect.DelegatingMethodAccessorImpl.invoke(DelegatingMethodAccessorImpl.java:43)
	at java.lang.reflect.Method.invoke(Method.java:498)
	at org.testng.internal.MethodInvocationHelper.invokeMethod(MethodInvocationHelper.java:84)
	at org.testng.internal.Invoker.invokeMethod(Invoker.java:714)
	at org.testng.internal.Invoker.invokeTestMethod(Invoker.java:901)
	at org.testng.internal.Invoker.invokeTestMethods(Invoker.java:1231)
	at org.testng.internal.TestMethodWorker.invokeTestMethods(TestMethodWorker.java:127)
	at org.testng.internal.TestMethodWorker.run(TestMethodWorker.java:111)
	at java.util.concurrent.ThreadPoolExecutor.runWorker(ThreadPoolExecutor.java:1149)
	at java.util.concurrent.ThreadPoolExecutor$Worker.run(ThreadPoolExecutor.java:624)
	at java.lang.Thread.run(Thread.java:748)
]]>
    </error>
  </testcase> <!-- Step29_AJ_29_Verify_Functionality_Of_Elements_On_Article_Landing_Page -->
  <testcase name="Step29_AJ_29_Verify_Functionality_Of_Elements_On_Article_Landing_Page" time="73.979" classname="com.qait.acs.tests.DOIContent">
    <error type="java.lang.AssertionError" message="FAILED: Element &#039;img_CoverArt&#039; not found on the articlePage !!!">
      <![CDATA[java.lang.AssertionError: FAILED: Element 'img_CoverArt' not found on the articlePage !!!
	at org.testng.Assert.fail(Assert.java:94)
	at com.qait.automation.getpageobjects.GetPage.element(GetPage.java:80)
	at com.qait.automation.getpageobjects.GetPage.isElementDisplayed(GetPage.java:169)
	at com.qait.acs.keywords.ArticleLandingPageActions.verifyElementsOnArticleLandingPage(ArticleLandingPageActions.java:75)
	at com.qait.acs.tests.DOIContent.Step29_AJ_29_Verify_Functionality_Of_Elements_On_Article_Landing_Page(DOIContent.java:74)
	at sun.reflect.GeneratedMethodAccessor3.invoke(Unknown Source)
	at sun.reflect.DelegatingMethodAccessorImpl.invoke(DelegatingMethodAccessorImpl.java:43)
	at java.lang.reflect.Method.invoke(Method.java:498)
	at org.testng.internal.MethodInvocationHelper.invokeMethod(MethodInvocationHelper.java:84)
	at org.testng.internal.Invoker.invokeMethod(Invoker.java:714)
	at org.testng.internal.Invoker.invokeTestMethod(Invoker.java:901)
	at org.testng.internal.Invoker.invokeTestMethods(Invoker.java:1231)
	at org.testng.internal.TestMethodWorker.invokeTestMethods(TestMethodWorker.java:127)
	at org.testng.internal.TestMethodWorker.run(TestMethodWorker.java:111)
	at java.util.concurrent.ThreadPoolExecutor.runWorker(ThreadPoolExecutor.java:1149)
	at java.util.concurrent.ThreadPoolExecutor$Worker.run(ThreadPoolExecutor.java:624)
	at java.lang.Thread.run(Thread.java:748)
]]>
    </error>
  </testcase> <!-- Step29_AJ_29_Verify_Functionality_Of_Elements_On_Article_Landing_Page -->
  <testcase name="Step29_AJ_29_Verify_Functionality_Of_Elements_On_Article_Landing_Page" time="91.777" classname="com.qait.acs.tests.DOIContent"/>
  <testcase name="Step29_AJ_29_Verify_Functionality_Of_Elements_On_Article_Landing_Page" time="108.970" classname="com.qait.acs.tests.DOIContent"/>
  <testcase name="Step29_AJ_29_Verify_Functionality_Of_Elements_On_Article_Landing_Page" time="93.557" classname="com.qait.acs.tests.DOIContent"/>
  <testcase name="Step29_AJ_29_Verify_Functionality_Of_Elements_On_Article_Landing_Page" time="78.413" classname="com.qait.acs.tests.DOIContent"/>
  <testcase name="Step29_AJ_29_Verify_Functionality_Of_Elements_On_Article_Landing_Page" time="105.124" classname="com.qait.acs.tests.DOIContent"/>
  <testcase name="Step29_AJ_29_Verify_Functionality_Of_Elements_On_Article_Landing_Page" time="92.369" classname="com.qait.acs.tests.DOIContent"/>
  <testcase name="Step29_AJ_29_Verify_Functionality_Of_Elements_On_Article_Landing_Page" time="73.434" classname="com.qait.acs.tests.DOIContent"/>
  <testcase name="Step29_AJ_29_Verify_Functionality_Of_Elements_On_Article_Landing_Page" time="105.553" classname="com.qait.acs.tests.DOIContent"/>
  <testcase name="Step29_AJ_29_Verify_Functionality_Of_Elements_On_Article_Landing_Page" time="86.953" classname="com.qait.acs.tests.DOIContent"/>
  <testcase name="Step29_AJ_29_Verify_Functionality_Of_Elements_On_Article_Landing_Page" time="98.343" classname="com.qait.acs.tests.DOIContent"/>
  <testcase name="Step29_AJ_29_Verify_Functionality_Of_Elements_On_Article_Landing_Page" time="167.506" classname="com.qait.acs.tests.DOIContent"/>
  <testcase name="Step29_AJ_29_Verify_Functionality_Of_Elements_On_Article_Landing_Page" time="99.851" classname="com.qait.acs.tests.DOIContent"/>
  <testcase name="Step29_AJ_29_Verify_Functionality_Of_Elements_On_Article_Landing_Page" time="99.613" classname="com.qait.acs.tests.DOIContent"/>
  <testcase name="Step29_AJ_29_Verify_Functionality_Of_Elements_On_Article_Landing_Page" time="82.455" classname="com.qait.acs.tests.DOIContent"/>
  <testcase name="Step29_AJ_29_Verify_Functionality_Of_Elements_On_Article_Landing_Page" time="112.572" classname="com.qait.acs.tests.DOIContent"/>
  <testcase name="Step29_AJ_29_Verify_Functionality_Of_Elements_On_Article_Landing_Page" time="89.002" classname="com.qait.acs.tests.DOIContent"/>
  <testcase name="Step29_AJ_29_Verify_Functionality_Of_Elements_On_Article_Landing_Page" time="84.449" classname="com.qait.acs.tests.DOIContent"/>
  <testcase name="Step29_AJ_29_Verify_Functionality_Of_Elements_On_Article_Landing_Page" time="119.863" classname="com.qait.acs.tests.DOIContent"/>
  <testcase name="Step29_AJ_29_Verify_Functionality_Of_Elements_On_Article_Landing_Page" time="109.425" classname="com.qait.acs.tests.DOIContent"/>
  <testcase name="Step29_AJ_29_Verify_Functionality_Of_Elements_On_Article_Landing_Page" time="103.337" classname="com.qait.acs.tests.DOIContent"/>
  <testcase name="Step29_AJ_29_Verify_Functionality_Of_Elements_On_Article_Landing_Page" time="101.817" classname="com.qait.acs.tests.DOIContent"/>
  <testcase name="Step29_AJ_29_Verify_Functionality_Of_Elements_On_Article_Landing_Page" time="107.180" classname="com.qait.acs.tests.DOIContent"/>
  <testcase name="Step29_AJ_29_Verify_Functionality_Of_Elements_On_Article_Landing_Page" time="265.012" classname="com.qait.acs.tests.DOIContent"/>
  <testcase name="Step29_AJ_29_Verify_Functionality_Of_Elements_On_Article_Landing_Page" time="99.761" classname="com.qait.acs.tests.DOIContent"/>
  <testcase name="Step29_AJ_29_Verify_Functionality_Of_Elements_On_Article_Landing_Page" time="102.705" classname="com.qait.acs.tests.DOIContent"/>
  <testcase name="Step29_AJ_29_Verify_Functionality_Of_Elements_On_Article_Landing_Page" time="107.840" classname="com.qait.acs.tests.DOIContent"/>
  <testcase name="Step29_AJ_29_Verify_Functionality_Of_Elements_On_Article_Landing_Page" time="71.914" classname="com.qait.acs.tests.DOIContent">
    <error type="java.lang.AssertionError" message="FAILED: Element &#039;img_CoverArt&#039; not found on the articlePage !!!">
      <![CDATA[java.lang.AssertionError: FAILED: Element 'img_CoverArt' not found on the articlePage !!!
	at org.testng.Assert.fail(Assert.java:94)
	at com.qait.automation.getpageobjects.GetPage.element(GetPage.java:80)
	at com.qait.automation.getpageobjects.GetPage.isElementDisplayed(GetPage.java:169)
	at com.qait.acs.keywords.ArticleLandingPageActions.verifyElementsOnArticleLandingPage(ArticleLandingPageActions.java:75)
	at com.qait.acs.tests.DOIContent.Step29_AJ_29_Verify_Functionality_Of_Elements_On_Article_Landing_Page(DOIContent.java:74)
	at sun.reflect.GeneratedMethodAccessor3.invoke(Unknown Source)
	at sun.reflect.DelegatingMethodAccessorImpl.invoke(DelegatingMethodAccessorImpl.java:43)
	at java.lang.reflect.Method.invoke(Method.java:498)
	at org.testng.internal.MethodInvocationHelper.invokeMethod(MethodInvocationHelper.java:84)
	at org.testng.internal.Invoker.invokeMethod(Invoker.java:714)
	at org.testng.internal.Invoker.invokeTestMethod(Invoker.java:901)
	at org.testng.internal.Invoker.invokeTestMethods(Invoker.java:1231)
	at org.testng.internal.TestMethodWorker.invokeTestMethods(TestMethodWorker.java:127)
	at org.testng.internal.TestMethodWorker.run(TestMethodWorker.java:111)
	at java.util.concurrent.ThreadPoolExecutor.runWorker(ThreadPoolExecutor.java:1149)
	at java.util.concurrent.ThreadPoolExecutor$Worker.run(ThreadPoolExecutor.java:624)
	at java.lang.Thread.run(Thread.java:748)
]]>
    </error>
  </testcase> <!-- Step29_AJ_29_Verify_Functionality_Of_Elements_On_Article_Landing_Page -->
  <testcase name="Step29_AJ_29_Verify_Functionality_Of_Elements_On_Article_Landing_Page" time="94.064" classname="com.qait.acs.tests.DOIContent"/>
  <testcase name="Step29_AJ_29_Verify_Functionality_Of_Elements_On_Article_Landing_Page" time="94.586" classname="com.qait.acs.tests.DOIContent"/>
  <testcase name="Step29_AJ_29_Verify_Functionality_Of_Elements_On_Article_Landing_Page" time="82.292" classname="com.qait.acs.tests.DOIContent">
    <error type="java.lang.AssertionError" message="FAILED: Element &#039;img_CoverArt&#039; not found on the articlePage !!!">
      <![CDATA[java.lang.AssertionError: FAILED: Element 'img_CoverArt' not found on the articlePage !!!
	at org.testng.Assert.fail(Assert.java:94)
	at com.qait.automation.getpageobjects.GetPage.element(GetPage.java:80)
	at com.qait.automation.getpageobjects.GetPage.isElementDisplayed(GetPage.java:169)
	at com.qait.acs.keywords.ArticleLandingPageActions.verifyElementsOnArticleLandingPage(ArticleLandingPageActions.java:75)
	at com.qait.acs.tests.DOIContent.Step29_AJ_29_Verify_Functionality_Of_Elements_On_Article_Landing_Page(DOIContent.java:74)
	at sun.reflect.NativeMethodAccessorImpl.invoke0(Native Method)
	at sun.reflect.NativeMethodAccessorImpl.invoke(NativeMethodAccessorImpl.java:62)
	at sun.reflect.DelegatingMethodAccessorImpl.invoke(DelegatingMethodAccessorImpl.java:43)
	at java.lang.reflect.Method.invoke(Method.java:498)
	at org.testng.internal.MethodInvocationHelper.invokeMethod(MethodInvocationHelper.java:84)
	at org.testng.internal.Invoker.invokeMethod(Invoker.java:714)
	at org.testng.internal.Invoker.invokeTestMethod(Invoker.java:901)
	at org.testng.internal.Invoker.invokeTestMethods(Invoker.java:1231)
	at org.testng.internal.TestMethodWorker.invokeTestMethods(TestMethodWorker.java:127)
	at org.testng.internal.TestMethodWorker.run(TestMethodWorker.java:111)
	at java.util.concurrent.ThreadPoolExecutor.runWorker(ThreadPoolExecutor.java:1149)
	at java.util.concurrent.ThreadPoolExecutor$Worker.run(ThreadPoolExecutor.java:624)
	at java.lang.Thread.run(Thread.java:748)
]]>
    </error>
  </testcase> <!-- Step29_AJ_29_Verify_Functionality_Of_Elements_On_Article_Landing_Page -->
  <testcase name="Step29_AJ_29_Verify_Functionality_Of_Elements_On_Article_Landing_Page" time="105.168" classname="com.qait.acs.tests.DOIContent"/>
  <testcase name="Step29_AJ_29_Verify_Functionality_Of_Elements_On_Article_Landing_Page" time="105.920" classname="com.qait.acs.tests.DOIContent"/>
  <testcase name="Step29_AJ_29_Verify_Functionality_Of_Elements_On_Article_Landing_Page" time="75.754" classname="com.qait.acs.tests.DOIContent"/>
  <testcase name="Step29_AJ_29_Verify_Functionality_Of_Elements_On_Article_Landing_Page" time="93.466" classname="com.qait.acs.tests.DOIContent"/>
  <testcase name="Step29_AJ_29_Verify_Functionality_Of_Elements_On_Article_Landing_Page" time="83.990" classname="com.qait.acs.tests.DOIContent"/>
  <testcase name="Step29_AJ_29_Verify_Functionality_Of_Elements_On_Article_Landing_Page" time="74.723" classname="com.qait.acs.tests.DOIContent"/>
  <testcase name="Step29_AJ_29_Verify_Functionality_Of_Elements_On_Article_Landing_Page" time="105.160" classname="com.qait.acs.tests.DOIContent"/>
  <testcase name="Step29_AJ_29_Verify_Functionality_Of_Elements_On_Article_Landing_Page" time="88.738" classname="com.qait.acs.tests.DOIContent"/>
  <testcase name="Step29_AJ_29_Verify_Functionality_Of_Elements_On_Article_Landing_Page" time="75.805" classname="com.qait.acs.tests.DOIContent"/>
  <testcase name="Step29_AJ_29_Verify_Functionality_Of_Elements_On_Article_Landing_Page" time="115.844" classname="com.qait.acs.tests.DOIContent"/>
  <testcase name="Step29_AJ_29_Verify_Functionality_Of_Elements_On_Article_Landing_Page" time="107.209" classname="com.qait.acs.tests.DOIContent"/>
  <testcase name="Step29_AJ_29_Verify_Functionality_Of_Elements_On_Article_Landing_Page" time="119.213" classname="com.qait.acs.tests.DOIContent"/>
  <testcase name="Step29_AJ_29_Verify_Functionality_Of_Elements_On_Article_Landing_Page" time="98.017" classname="com.qait.acs.tests.DOIContent"/>
  <testcase name="Step29_AJ_29_Verify_Functionality_Of_Elements_On_Article_Landing_Page" time="92.075" classname="com.qait.acs.tests.DOIContent"/>
  <testcase name="Step29_AJ_29_Verify_Functionality_Of_Elements_On_Article_Landing_Page" time="107.645" classname="com.qait.acs.tests.DOIContent"/>
  <testcase name="Step29_AJ_29_Verify_Functionality_Of_Elements_On_Article_Landing_Page" time="107.062" classname="com.qait.acs.tests.DOIContent"/>
  <testcase name="Step29_AJ_29_Verify_Functionality_Of_Elements_On_Article_Landing_Page" time="90.204" classname="com.qait.acs.tests.DOIContent"/>
  <testcase name="Step29_AJ_29_Verify_Functionality_Of_Elements_On_Article_Landing_Page" time="87.028" classname="com.qait.acs.tests.DOIContent"/>
  <testcase name="Step29_AJ_29_Verify_Functionality_Of_Elements_On_Article_Landing_Page" time="92.834" classname="com.qait.acs.tests.DOIContent"/>
  <testcase name="Step29_AJ_29_Verify_Functionality_Of_Elements_On_Article_Landing_Page" time="145.817" classname="com.qait.acs.tests.DOIContent"/>
  <testcase name="Step29_AJ_29_Verify_Functionality_Of_Elements_On_Article_Landing_Page" time="71.529" classname="com.qait.acs.tests.DOIContent"/>
  <testcase name="Step29_AJ_29_Verify_Functionality_Of_Elements_On_Article_Landing_Page" time="115.738" classname="com.qait.acs.tests.DOIContent"/>
  <testcase name="Step29_AJ_29_Verify_Functionality_Of_Elements_On_Article_Landing_Page" time="104.210" classname="com.qait.acs.tests.DOIContent"/>
  <testcase name="Step29_AJ_29_Verify_Functionality_Of_Elements_On_Article_Landing_Page" time="99.930" classname="com.qait.acs.tests.DOIContent"/>
  <testcase name="Step29_AJ_29_Verify_Functionality_Of_Elements_On_Article_Landing_Page" time="97.714" classname="com.qait.acs.tests.DOIContent"/>
  <testcase name="Step29_AJ_29_Verify_Functionality_Of_Elements_On_Article_Landing_Page" time="112.362" classname="com.qait.acs.tests.DOIContent"/>
  <testcase name="Step29_AJ_29_Verify_Functionality_Of_Elements_On_Article_Landing_Page" time="101.741" classname="com.qait.acs.tests.DOIContent"/>
  <testcase name="Step29_AJ_29_Verify_Functionality_Of_Elements_On_Article_Landing_Page" time="100.407" classname="com.qait.acs.tests.DOIContent"/>
  <testcase name="Step29_AJ_29_Verify_Functionality_Of_Elements_On_Article_Landing_Page" time="123.956" classname="com.qait.acs.tests.DOIContent"/>
  <testcase name="Step29_AJ_29_Verify_Functionality_Of_Elements_On_Article_Landing_Page" time="92.165" classname="com.qait.acs.tests.DOIContent"/>
  <testcase name="Step29_AJ_29_Verify_Functionality_Of_Elements_On_Article_Landing_Page" time="110.630" classname="com.qait.acs.tests.DOIContent"/>
  <testcase name="Step29_AJ_29_Verify_Functionality_Of_Elements_On_Article_Landing_Page" time="116.219" classname="com.qait.acs.tests.DOIContent"/>
  <testcase name="Step29_AJ_29_Verify_Functionality_Of_Elements_On_Article_Landing_Page" time="170.809" classname="com.qait.acs.tests.DOIContent"/>
  <testcase name="Step29_AJ_29_Verify_Functionality_Of_Elements_On_Article_Landing_Page" time="101.669" classname="com.qait.acs.tests.DOIContent"/>
  <testcase name="Step29_AJ_29_Verify_Functionality_Of_Elements_On_Article_Landing_Page" time="139.323" classname="com.qait.acs.tests.DOIContent"/>
  <testcase name="Step29_AJ_29_Verify_Functionality_Of_Elements_On_Article_Landing_Page" time="80.085" classname="com.qait.acs.tests.DOIContent"/>
  <testcase name="Step29_AJ_29_Verify_Functionality_Of_Elements_On_Article_Landing_Page" time="151.115" classname="com.qait.acs.tests.DOIContent"/>
  <testcase name="Step29_AJ_29_Verify_Functionality_Of_Elements_On_Article_Landing_Page" time="107.016" classname="com.qait.acs.tests.DOIContent"/>
  <testcase name="Step29_AJ_29_Verify_Functionality_Of_Elements_On_Article_Landing_Page" time="99.762" classname="com.qait.acs.tests.DOIContent"/>
  <testcase name="Step29_AJ_29_Verify_Functionality_Of_Elements_On_Article_Landing_Page" time="94.939" classname="com.qait.acs.tests.DOIContent"/>
  <testcase name="Step29_AJ_29_Verify_Functionality_Of_Elements_On_Article_Landing_Page" time="119.511" classname="com.qait.acs.tests.DOIContent"/>
  <testcase name="Step29_AJ_29_Verify_Functionality_Of_Elements_On_Article_Landing_Page" time="94.164" classname="com.qait.acs.tests.DOIContent"/>
  <testcase name="Step29_AJ_29_Verify_Functionality_Of_Elements_On_Article_Landing_Page" time="103.524" classname="com.qait.acs.tests.DOIContent"/>
  <testcase name="Step29_AJ_29_Verify_Functionality_Of_Elements_On_Article_Landing_Page" time="95.006" classname="com.qait.acs.tests.DOIContent"/>
  <testcase name="Step29_AJ_29_Verify_Functionality_Of_Elements_On_Article_Landing_Page" time="85.652" classname="com.qait.acs.tests.DOIContent"/>
  <testcase name="Step29_AJ_29_Verify_Functionality_Of_Elements_On_Article_Landing_Page" time="95.837" classname="com.qait.acs.tests.DOIContent"/>
  <testcase name="Step29_AJ_29_Verify_Functionality_Of_Elements_On_Article_Landing_Page" time="111.846" classname="com.qait.acs.tests.DOIContent"/>
  <testcase name="Step29_AJ_29_Verify_Functionality_Of_Elements_On_Article_Landing_Page" time="103.869" classname="com.qait.acs.tests.DOIContent"/>
  <testcase name="Step29_AJ_29_Verify_Functionality_Of_Elements_On_Article_Landing_Page" time="138.626" classname="com.qait.acs.tests.DOIContent"/>
  <testcase name="Step29_AJ_29_Verify_Functionality_Of_Elements_On_Article_Landing_Page" time="103.090" classname="com.qait.acs.tests.DOIContent"/>
  <testcase name="Step29_AJ_29_Verify_Functionality_Of_Elements_On_Article_Landing_Page" time="74.585" classname="com.qait.acs.tests.DOIContent">
    <error type="java.lang.AssertionError" message="FAILED: Element &#039;img_CoverArt&#039; not found on the articlePage !!!">
      <![CDATA[java.lang.AssertionError: FAILED: Element 'img_CoverArt' not found on the articlePage !!!
	at org.testng.Assert.fail(Assert.java:94)
	at com.qait.automation.getpageobjects.GetPage.element(GetPage.java:80)
	at com.qait.automation.getpageobjects.GetPage.isElementDisplayed(GetPage.java:169)
	at com.qait.acs.keywords.ArticleLandingPageActions.verifyElementsOnArticleLandingPage(ArticleLandingPageActions.java:75)
	at com.qait.acs.tests.DOIContent.Step29_AJ_29_Verify_Functionality_Of_Elements_On_Article_Landing_Page(DOIContent.java:74)
	at sun.reflect.GeneratedMethodAccessor3.invoke(Unknown Source)
	at sun.reflect.DelegatingMethodAccessorImpl.invoke(DelegatingMethodAccessorImpl.java:43)
	at java.lang.reflect.Method.invoke(Method.java:498)
	at org.testng.internal.MethodInvocationHelper.invokeMethod(MethodInvocationHelper.java:84)
	at org.testng.internal.Invoker.invokeMethod(Invoker.java:714)
	at org.testng.internal.Invoker.invokeTestMethod(Invoker.java:901)
	at org.testng.internal.Invoker.invokeTestMethods(Invoker.java:1231)
	at org.testng.internal.TestMethodWorker.invokeTestMethods(TestMethodWorker.java:127)
	at org.testng.internal.TestMethodWorker.run(TestMethodWorker.java:111)
	at java.util.concurrent.ThreadPoolExecutor.runWorker(ThreadPoolExecutor.java:1149)
	at java.util.concurrent.ThreadPoolExecutor$Worker.run(ThreadPoolExecutor.java:624)
	at java.lang.Thread.run(Thread.java:748)
]]>
    </error>
  </testcase> <!-- Step29_AJ_29_Verify_Functionality_Of_Elements_On_Article_Landing_Page -->
  <testcase name="Step29_AJ_29_Verify_Functionality_Of_Elements_On_Article_Landing_Page" time="91.262" classname="com.qait.acs.tests.DOIContent"/>
  <testcase name="Step29_AJ_29_Verify_Functionality_Of_Elements_On_Article_Landing_Page" time="105.833" classname="com.qait.acs.tests.DOIContent"/>
  <testcase name="Step29_AJ_29_Verify_Functionality_Of_Elements_On_Article_Landing_Page" time="106.657" classname="com.qait.acs.tests.DOIContent"/>
  <testcase name="Step29_AJ_29_Verify_Functionality_Of_Elements_On_Article_Landing_Page" time="91.248" classname="com.qait.acs.tests.DOIContent"/>
  <testcase name="Step29_AJ_29_Verify_Functionality_Of_Elements_On_Article_Landing_Page" time="122.316" classname="com.qait.acs.tests.DOIContent"/>
  <testcase name="Step29_AJ_29_Verify_Functionality_Of_Elements_On_Article_Landing_Page" time="82.244" classname="com.qait.acs.tests.DOIContent"/>
  <testcase name="Step29_AJ_29_Verify_Functionality_Of_Elements_On_Article_Landing_Page" time="102.488" classname="com.qait.acs.tests.DOIContent"/>
  <testcase name="Step29_AJ_29_Verify_Functionality_Of_Elements_On_Article_Landing_Page" time="116.156" classname="com.qait.acs.tests.DOIContent"/>
  <testcase name="Step29_AJ_29_Verify_Functionality_Of_Elements_On_Article_Landing_Page" time="93.907" classname="com.qait.acs.tests.DOIContent"/>
  <testcase name="Step29_AJ_29_Verify_Functionality_Of_Elements_On_Article_Landing_Page" time="107.947" classname="com.qait.acs.tests.DOIContent"/>
  <testcase name="Step29_AJ_29_Verify_Functionality_Of_Elements_On_Article_Landing_Page" time="131.286" classname="com.qait.acs.tests.DOIContent"/>
  <testcase name="Step29_AJ_29_Verify_Functionality_Of_Elements_On_Article_Landing_Page" time="100.109" classname="com.qait.acs.tests.DOIContent"/>
  <testcase name="Step29_AJ_29_Verify_Functionality_Of_Elements_On_Article_Landing_Page" time="107.117" classname="com.qait.acs.tests.DOIContent"/>
  <testcase name="Step29_AJ_29_Verify_Functionality_Of_Elements_On_Article_Landing_Page" time="92.359" classname="com.qait.acs.tests.DOIContent"/>
  <testcase name="Step29_AJ_29_Verify_Functionality_Of_Elements_On_Article_Landing_Page" time="91.618" classname="com.qait.acs.tests.DOIContent"/>
  <testcase name="Step29_AJ_29_Verify_Functionality_Of_Elements_On_Article_Landing_Page" time="106.435" classname="com.qait.acs.tests.DOIContent"/>
  <testcase name="Step29_AJ_29_Verify_Functionality_Of_Elements_On_Article_Landing_Page" time="90.624" classname="com.qait.acs.tests.DOIContent"/>
  <testcase name="Step29_AJ_29_Verify_Functionality_Of_Elements_On_Article_Landing_Page" time="88.028" classname="com.qait.acs.tests.DOIContent"/>
  <testcase name="Step29_AJ_29_Verify_Functionality_Of_Elements_On_Article_Landing_Page" time="98.832" classname="com.qait.acs.tests.DOIContent"/>
  <testcase name="Step29_AJ_29_Verify_Functionality_Of_Elements_On_Article_Landing_Page" time="134.655" classname="com.qait.acs.tests.DOIContent"/>
  <testcase name="Step29_AJ_29_Verify_Functionality_Of_Elements_On_Article_Landing_Page" time="92.050" classname="com.qait.acs.tests.DOIContent"/>
  <testcase name="Step29_AJ_29_Verify_Functionality_Of_Elements_On_Article_Landing_Page" time="104.762" classname="com.qait.acs.tests.DOIContent"/>
  <testcase name="Step29_AJ_29_Verify_Functionality_Of_Elements_On_Article_Landing_Page" time="135.675" classname="com.qait.acs.tests.DOIContent"/>
  <testcase name="Step29_AJ_29_Verify_Functionality_Of_Elements_On_Article_Landing_Page" time="102.633" classname="com.qait.acs.tests.DOIContent"/>
  <testcase name="Step29_AJ_29_Verify_Functionality_Of_Elements_On_Article_Landing_Page" time="120.692" classname="com.qait.acs.tests.DOIContent"/>
  <testcase name="Step29_AJ_29_Verify_Functionality_Of_Elements_On_Article_Landing_Page" time="97.167" classname="com.qait.acs.tests.DOIContent"/>
  <testcase name="Step29_AJ_29_Verify_Functionality_Of_Elements_On_Article_Landing_Page" time="83.620" classname="com.qait.acs.tests.DOIContent"/>
  <testcase name="Step29_AJ_29_Verify_Functionality_Of_Elements_On_Article_Landing_Page" time="81.793" classname="com.qait.acs.tests.DOIContent"/>
  <testcase name="Step29_AJ_29_Verify_Functionality_Of_Elements_On_Article_Landing_Page" time="96.084" classname="com.qait.acs.tests.DOIContent"/>
  <testcase name="Step29_AJ_29_Verify_Functionality_Of_Elements_On_Article_Landing_Page" time="151.721" classname="com.qait.acs.tests.DOIContent"/>
  <testcase name="Step29_AJ_29_Verify_Functionality_Of_Elements_On_Article_Landing_Page" time="108.464" classname="com.qait.acs.tests.DOIContent"/>
  <testcase name="Step29_AJ_29_Verify_Functionality_Of_Elements_On_Article_Landing_Page" time="65.362" classname="com.qait.acs.tests.DOIContent"/>
</testsuite> <!-- com.qait.acs.tests.DOIContent -->
