<?xml version="1.0" encoding="UTF-8"?>
<!-- Generated by org.testng.reporters.JUnitReportReporter -->
<testsuite hostname="ASDA1713PO02529" name="com.qait.acs.tests.DOIContent" tests="100" failures="3" timestamp="18 Mar 2019 09:21:40 GMT" time="14747.967" errors="0">
  <testcase name="Step29_AJ_29_Verify_Functionality_Of_Elements_On_Article_Landing_Page" time="153.367" classname="com.qait.acs.tests.DOIContent"/>
  <testcase name="Step29_AJ_29_Verify_Functionality_Of_Elements_On_Article_Landing_Page" time="193.673" classname="com.qait.acs.tests.DOIContent"/>
  <testcase name="Step29_AJ_29_Verify_Functionality_Of_Elements_On_Article_Landing_Page" time="139.618" classname="com.qait.acs.tests.DOIContent"/>
  <testcase name="Step29_AJ_29_Verify_Functionality_Of_Elements_On_Article_Landing_Page" time="105.906" classname="com.qait.acs.tests.DOIContent"/>
  <testcase name="Step29_AJ_29_Verify_Functionality_Of_Elements_On_Article_Landing_Page" time="133.208" classname="com.qait.acs.tests.DOIContent"/>
  <testcase name="Step29_AJ_29_Verify_Functionality_Of_Elements_On_Article_Landing_Page" time="122.078" classname="com.qait.acs.tests.DOIContent"/>
  <testcase name="Step29_AJ_29_Verify_Functionality_Of_Elements_On_Article_Landing_Page" time="142.978" classname="com.qait.acs.tests.DOIContent"/>
  <testcase name="Step29_AJ_29_Verify_Functionality_Of_Elements_On_Article_Landing_Page" time="149.561" classname="com.qait.acs.tests.DOIContent"/>
  <testcase name="Step29_AJ_29_Verify_Functionality_Of_Elements_On_Article_Landing_Page" time="71.971" classname="com.qait.acs.tests.DOIContent"/>
  <testcase name="Step29_AJ_29_Verify_Functionality_Of_Elements_On_Article_Landing_Page" time="113.159" classname="com.qait.acs.tests.DOIContent">
    <failure type="org.openqa.selenium.WebDriverException" message="unknown error: Cannot read property &#039;innerText&#039; of null
  (Session info: chrome=72.0.3626.121)
  (Driver info: chromedriver=71.0.3578.137 (86ee722808adfe9e3c92e6e8ea746ade08423c7e),platform=Linux 4.15.0-46-generic x86_64) (WARNING: The server did not provide any stacktrace information)
Command duration or timeout: 0 milliseconds
Build info: version: &#039;3.14.0&#039;, revision: &#039;aacccce0&#039;, time: &#039;2018-08-02T20:19:58.91Z&#039;
System info: host: &#039;ASDA1713PO02529&#039;, ip: &#039;127.0.1.1&#039;, os.name: &#039;Linux&#039;, os.arch: &#039;amd64&#039;, os.version: &#039;4.15.0-46-generic&#039;, java.version: &#039;1.8.0_201&#039;
Driver info: org.openqa.selenium.chrome.ChromeDriver
Capabilities {acceptInsecureCerts: false, acceptSslCerts: false, applicationCacheEnabled: false, browserConnectionEnabled: false, browserName: chrome, chrome: {chromedriverVersion: 71.0.3578.137 (86ee722808ad..., userDataDir: /tmp/.com.google.Chrome.xoOx0J}, cssSelectorsEnabled: true, databaseEnabled: false, goog:chromeOptions: {debuggerAddress: localhost:45347}, handlesAlerts: true, hasTouchScreen: false, javascriptEnabled: true, locationContextEnabled: true, mobileEmulationEnabled: false, nativeEvents: true, networkConnectionEnabled: false, pageLoadStrategy: normal, platform: LINUX, platformName: LINUX, rotatable: false, setWindowRect: true, takesHeapSnapshot: true, takesScreenshot: true, unexpectedAlertBehaviour: , unhandledPromptBehavior: , version: 72.0.3626.121, webStorageEnabled: true}
Session ID: de96734944c772fe1be7fbfa6a10725d">
      <![CDATA[org.openqa.selenium.WebDriverException: unknown error: Cannot read property 'innerText' of null
  (Session info: chrome=72.0.3626.121)
  (Driver info: chromedriver=71.0.3578.137 (86ee722808adfe9e3c92e6e8ea746ade08423c7e),platform=Linux 4.15.0-46-generic x86_64) (WARNING: The server did not provide any stacktrace information)
Command duration or timeout: 0 milliseconds
Build info: version: '3.14.0', revision: 'aacccce0', time: '2018-08-02T20:19:58.91Z'
System info: host: 'ASDA1713PO02529', ip: '127.0.1.1', os.name: 'Linux', os.arch: 'amd64', os.version: '4.15.0-46-generic', java.version: '1.8.0_201'
Driver info: org.openqa.selenium.chrome.ChromeDriver
Capabilities {acceptInsecureCerts: false, acceptSslCerts: false, applicationCacheEnabled: false, browserConnectionEnabled: false, browserName: chrome, chrome: {chromedriverVersion: 71.0.3578.137 (86ee722808ad..., userDataDir: /tmp/.com.google.Chrome.xoOx0J}, cssSelectorsEnabled: true, databaseEnabled: false, goog:chromeOptions: {debuggerAddress: localhost:45347}, handlesAlerts: true, hasTouchScreen: false, javascriptEnabled: true, locationContextEnabled: true, mobileEmulationEnabled: false, nativeEvents: true, networkConnectionEnabled: false, pageLoadStrategy: normal, platform: LINUX, platformName: LINUX, rotatable: false, setWindowRect: true, takesHeapSnapshot: true, takesScreenshot: true, unexpectedAlertBehaviour: , unhandledPromptBehavior: , version: 72.0.3626.121, webStorageEnabled: true}
Session ID: de96734944c772fe1be7fbfa6a10725d
	at sun.reflect.NativeConstructorAccessorImpl.newInstance0(Native Method)
	at sun.reflect.NativeConstructorAccessorImpl.newInstance(NativeConstructorAccessorImpl.java:62)
	at sun.reflect.DelegatingConstructorAccessorImpl.newInstance(DelegatingConstructorAccessorImpl.java:45)
	at java.lang.reflect.Constructor.newInstance(Constructor.java:423)
	at org.openqa.selenium.remote.ErrorHandler.createThrowable(ErrorHandler.java:214)
	at org.openqa.selenium.remote.ErrorHandler.throwIfResponseFailed(ErrorHandler.java:166)
	at org.openqa.selenium.remote.http.JsonHttpResponseCodec.reconstructValue(JsonHttpResponseCodec.java:40)
	at org.openqa.selenium.remote.http.AbstractHttpResponseCodec.decode(AbstractHttpResponseCodec.java:80)
	at org.openqa.selenium.remote.http.AbstractHttpResponseCodec.decode(AbstractHttpResponseCodec.java:44)
	at org.openqa.selenium.remote.HttpCommandExecutor.execute(HttpCommandExecutor.java:158)
	at org.openqa.selenium.remote.service.DriverCommandExecutor.execute(DriverCommandExecutor.java:83)
	at org.openqa.selenium.remote.RemoteWebDriver.execute(RemoteWebDriver.java:548)
	at org.openqa.selenium.remote.RemoteWebDriver.executeScript(RemoteWebDriver.java:485)
	at com.qait.automation.getpageobjects.BaseUi.executeJavascript(BaseUi.java:201)
	at com.qait.acs.keywords.ArticleLandingPageActions.verifyReferencesCountOnPubsAndStag(ArticleLandingPageActions.java:901)
	at com.qait.acs.tests.DOIContent.Step29_AJ_29_Verify_Functionality_Of_Elements_On_Article_Landing_Page(DOIContent.java:89)
	at sun.reflect.GeneratedMethodAccessor3.invoke(Unknown Source)
	at sun.reflect.DelegatingMethodAccessorImpl.invoke(DelegatingMethodAccessorImpl.java:43)
	at java.lang.reflect.Method.invoke(Method.java:498)
	at org.testng.internal.MethodInvocationHelper.invokeMethod(MethodInvocationHelper.java:84)
	at org.testng.internal.Invoker.invokeMethod(Invoker.java:714)
	at org.testng.internal.Invoker.invokeTestMethod(Invoker.java:901)
	at org.testng.internal.Invoker.invokeTestMethods(Invoker.java:1231)
	at org.testng.internal.TestMethodWorker.invokeTestMethods(TestMethodWorker.java:127)
	at org.testng.internal.TestMethodWorker.run(TestMethodWorker.java:111)
	at org.testng.TestRunner.privateRun(TestRunner.java:767)
	at org.testng.TestRunner.run(TestRunner.java:617)
	at org.testng.SuiteRunner.runTest(SuiteRunner.java:334)
	at org.testng.SuiteRunner.runSequentially(SuiteRunner.java:329)
	at org.testng.SuiteRunner.privateRun(SuiteRunner.java:291)
	at org.testng.SuiteRunner.run(SuiteRunner.java:240)
	at org.testng.SuiteRunnerWorker.runSuite(SuiteRunnerWorker.java:52)
	at org.testng.SuiteRunnerWorker.run(SuiteRunnerWorker.java:86)
	at org.testng.TestNG.runSuitesSequentially(TestNG.java:1224)
	at org.testng.TestNG.runSuitesLocally(TestNG.java:1149)
	at org.testng.TestNG.run(TestNG.java:1057)
	at org.testng.remote.AbstractRemoteTestNG.run(AbstractRemoteTestNG.java:115)
	at org.testng.remote.RemoteTestNG.initAndRun(RemoteTestNG.java:251)
	at org.testng.remote.RemoteTestNG.main(RemoteTestNG.java:77)
]]>
    </failure>
  </testcase> <!-- Step29_AJ_29_Verify_Functionality_Of_Elements_On_Article_Landing_Page -->
  <testcase name="Step29_AJ_29_Verify_Functionality_Of_Elements_On_Article_Landing_Page" time="145.405" classname="com.qait.acs.tests.DOIContent"/>
  <testcase name="Step29_AJ_29_Verify_Functionality_Of_Elements_On_Article_Landing_Page" time="144.834" classname="com.qait.acs.tests.DOIContent"/>
  <testcase name="Step29_AJ_29_Verify_Functionality_Of_Elements_On_Article_Landing_Page" time="192.793" classname="com.qait.acs.tests.DOIContent"/>
  <testcase name="Step29_AJ_29_Verify_Functionality_Of_Elements_On_Article_Landing_Page" time="122.319" classname="com.qait.acs.tests.DOIContent"/>
  <testcase name="Step29_AJ_29_Verify_Functionality_Of_Elements_On_Article_Landing_Page" time="130.911" classname="com.qait.acs.tests.DOIContent"/>
  <testcase name="Step29_AJ_29_Verify_Functionality_Of_Elements_On_Article_Landing_Page" time="136.726" classname="com.qait.acs.tests.DOIContent"/>
  <testcase name="Step29_AJ_29_Verify_Functionality_Of_Elements_On_Article_Landing_Page" time="110.069" classname="com.qait.acs.tests.DOIContent"/>
  <testcase name="Step29_AJ_29_Verify_Functionality_Of_Elements_On_Article_Landing_Page" time="116.010" classname="com.qait.acs.tests.DOIContent"/>
  <testcase name="Step29_AJ_29_Verify_Functionality_Of_Elements_On_Article_Landing_Page" time="139.923" classname="com.qait.acs.tests.DOIContent"/>
  <testcase name="Step29_AJ_29_Verify_Functionality_Of_Elements_On_Article_Landing_Page" time="116.214" classname="com.qait.acs.tests.DOIContent"/>
  <testcase name="Step29_AJ_29_Verify_Functionality_Of_Elements_On_Article_Landing_Page" time="116.181" classname="com.qait.acs.tests.DOIContent"/>
  <testcase name="Step29_AJ_29_Verify_Functionality_Of_Elements_On_Article_Landing_Page" time="205.092" classname="com.qait.acs.tests.DOIContent"/>
  <testcase name="Step29_AJ_29_Verify_Functionality_Of_Elements_On_Article_Landing_Page" time="135.805" classname="com.qait.acs.tests.DOIContent"/>
  <testcase name="Step29_AJ_29_Verify_Functionality_Of_Elements_On_Article_Landing_Page" time="141.480" classname="com.qait.acs.tests.DOIContent"/>
  <testcase name="Step29_AJ_29_Verify_Functionality_Of_Elements_On_Article_Landing_Page" time="92.679" classname="com.qait.acs.tests.DOIContent"/>
  <testcase name="Step29_AJ_29_Verify_Functionality_Of_Elements_On_Article_Landing_Page" time="142.576" classname="com.qait.acs.tests.DOIContent"/>
  <testcase name="Step29_AJ_29_Verify_Functionality_Of_Elements_On_Article_Landing_Page" time="130.603" classname="com.qait.acs.tests.DOIContent"/>
  <testcase name="Step29_AJ_29_Verify_Functionality_Of_Elements_On_Article_Landing_Page" time="128.446" classname="com.qait.acs.tests.DOIContent"/>
  <testcase name="Step29_AJ_29_Verify_Functionality_Of_Elements_On_Article_Landing_Page" time="164.336" classname="com.qait.acs.tests.DOIContent"/>
  <testcase name="Step29_AJ_29_Verify_Functionality_Of_Elements_On_Article_Landing_Page" time="119.851" classname="com.qait.acs.tests.DOIContent"/>
  <testcase name="Step29_AJ_29_Verify_Functionality_Of_Elements_On_Article_Landing_Page" time="187.117" classname="com.qait.acs.tests.DOIContent"/>
  <testcase name="Step29_AJ_29_Verify_Functionality_Of_Elements_On_Article_Landing_Page" time="111.699" classname="com.qait.acs.tests.DOIContent"/>
  <testcase name="Step29_AJ_29_Verify_Functionality_Of_Elements_On_Article_Landing_Page" time="129.439" classname="com.qait.acs.tests.DOIContent"/>
  <testcase name="Step29_AJ_29_Verify_Functionality_Of_Elements_On_Article_Landing_Page" time="176.973" classname="com.qait.acs.tests.DOIContent"/>
  <testcase name="Step29_AJ_29_Verify_Functionality_Of_Elements_On_Article_Landing_Page" time="137.127" classname="com.qait.acs.tests.DOIContent"/>
  <testcase name="Step29_AJ_29_Verify_Functionality_Of_Elements_On_Article_Landing_Page" time="142.839" classname="com.qait.acs.tests.DOIContent"/>
  <testcase name="Step29_AJ_29_Verify_Functionality_Of_Elements_On_Article_Landing_Page" time="134.041" classname="com.qait.acs.tests.DOIContent"/>
  <testcase name="Step29_AJ_29_Verify_Functionality_Of_Elements_On_Article_Landing_Page" time="144.871" classname="com.qait.acs.tests.DOIContent"/>
  <testcase name="Step29_AJ_29_Verify_Functionality_Of_Elements_On_Article_Landing_Page" time="131.996" classname="com.qait.acs.tests.DOIContent"/>
  <testcase name="Step29_AJ_29_Verify_Functionality_Of_Elements_On_Article_Landing_Page" time="181.501" classname="com.qait.acs.tests.DOIContent"/>
  <testcase name="Step29_AJ_29_Verify_Functionality_Of_Elements_On_Article_Landing_Page" time="176.653" classname="com.qait.acs.tests.DOIContent"/>
  <testcase name="Step29_AJ_29_Verify_Functionality_Of_Elements_On_Article_Landing_Page" time="126.385" classname="com.qait.acs.tests.DOIContent"/>
  <testcase name="Step29_AJ_29_Verify_Functionality_Of_Elements_On_Article_Landing_Page" time="156.258" classname="com.qait.acs.tests.DOIContent"/>
  <testcase name="Step29_AJ_29_Verify_Functionality_Of_Elements_On_Article_Landing_Page" time="216.397" classname="com.qait.acs.tests.DOIContent"/>
  <testcase name="Step29_AJ_29_Verify_Functionality_Of_Elements_On_Article_Landing_Page" time="113.270" classname="com.qait.acs.tests.DOIContent"/>
  <testcase name="Step29_AJ_29_Verify_Functionality_Of_Elements_On_Article_Landing_Page" time="107.209" classname="com.qait.acs.tests.DOIContent"/>
  <testcase name="Step29_AJ_29_Verify_Functionality_Of_Elements_On_Article_Landing_Page" time="132.043" classname="com.qait.acs.tests.DOIContent"/>
  <testcase name="Step29_AJ_29_Verify_Functionality_Of_Elements_On_Article_Landing_Page" time="222.631" classname="com.qait.acs.tests.DOIContent"/>
  <testcase name="Step29_AJ_29_Verify_Functionality_Of_Elements_On_Article_Landing_Page" time="156.851" classname="com.qait.acs.tests.DOIContent"/>
  <testcase name="Step29_AJ_29_Verify_Functionality_Of_Elements_On_Article_Landing_Page" time="147.399" classname="com.qait.acs.tests.DOIContent"/>
  <testcase name="Step29_AJ_29_Verify_Functionality_Of_Elements_On_Article_Landing_Page" time="165.032" classname="com.qait.acs.tests.DOIContent"/>
  <testcase name="Step29_AJ_29_Verify_Functionality_Of_Elements_On_Article_Landing_Page" time="119.147" classname="com.qait.acs.tests.DOIContent"/>
  <testcase name="Step29_AJ_29_Verify_Functionality_Of_Elements_On_Article_Landing_Page" time="132.709" classname="com.qait.acs.tests.DOIContent"/>
  <testcase name="Step29_AJ_29_Verify_Functionality_Of_Elements_On_Article_Landing_Page" time="223.891" classname="com.qait.acs.tests.DOIContent"/>
  <testcase name="Step29_AJ_29_Verify_Functionality_Of_Elements_On_Article_Landing_Page" time="131.318" classname="com.qait.acs.tests.DOIContent"/>
  <testcase name="Step29_AJ_29_Verify_Functionality_Of_Elements_On_Article_Landing_Page" time="166.456" classname="com.qait.acs.tests.DOIContent"/>
  <testcase name="Step29_AJ_29_Verify_Functionality_Of_Elements_On_Article_Landing_Page" time="120.145" classname="com.qait.acs.tests.DOIContent"/>
  <testcase name="Step29_AJ_29_Verify_Functionality_Of_Elements_On_Article_Landing_Page" time="125.108" classname="com.qait.acs.tests.DOIContent"/>
  <testcase name="Step29_AJ_29_Verify_Functionality_Of_Elements_On_Article_Landing_Page" time="123.981" classname="com.qait.acs.tests.DOIContent">
    <failure type="org.openqa.selenium.WebDriverException" message="unknown error: Cannot read property &#039;innerText&#039; of null
  (Session info: chrome=72.0.3626.121)
  (Driver info: chromedriver=71.0.3578.137 (86ee722808adfe9e3c92e6e8ea746ade08423c7e),platform=Linux 4.15.0-46-generic x86_64) (WARNING: The server did not provide any stacktrace information)
Command duration or timeout: 0 milliseconds
Build info: version: &#039;3.14.0&#039;, revision: &#039;aacccce0&#039;, time: &#039;2018-08-02T20:19:58.91Z&#039;
System info: host: &#039;ASDA1713PO02529&#039;, ip: &#039;127.0.1.1&#039;, os.name: &#039;Linux&#039;, os.arch: &#039;amd64&#039;, os.version: &#039;4.15.0-46-generic&#039;, java.version: &#039;1.8.0_201&#039;
Driver info: org.openqa.selenium.chrome.ChromeDriver
Capabilities {acceptInsecureCerts: false, acceptSslCerts: false, applicationCacheEnabled: false, browserConnectionEnabled: false, browserName: chrome, chrome: {chromedriverVersion: 71.0.3578.137 (86ee722808ad..., userDataDir: /tmp/.com.google.Chrome.B4f0pF}, cssSelectorsEnabled: true, databaseEnabled: false, goog:chromeOptions: {debuggerAddress: localhost:45857}, handlesAlerts: true, hasTouchScreen: false, javascriptEnabled: true, locationContextEnabled: true, mobileEmulationEnabled: false, nativeEvents: true, networkConnectionEnabled: false, pageLoadStrategy: normal, platform: LINUX, platformName: LINUX, rotatable: false, setWindowRect: true, takesHeapSnapshot: true, takesScreenshot: true, unexpectedAlertBehaviour: , unhandledPromptBehavior: , version: 72.0.3626.121, webStorageEnabled: true}
Session ID: a558c093f1724394400aa2e9cc12d110">
      <![CDATA[org.openqa.selenium.WebDriverException: unknown error: Cannot read property 'innerText' of null
  (Session info: chrome=72.0.3626.121)
  (Driver info: chromedriver=71.0.3578.137 (86ee722808adfe9e3c92e6e8ea746ade08423c7e),platform=Linux 4.15.0-46-generic x86_64) (WARNING: The server did not provide any stacktrace information)
Command duration or timeout: 0 milliseconds
Build info: version: '3.14.0', revision: 'aacccce0', time: '2018-08-02T20:19:58.91Z'
System info: host: 'ASDA1713PO02529', ip: '127.0.1.1', os.name: 'Linux', os.arch: 'amd64', os.version: '4.15.0-46-generic', java.version: '1.8.0_201'
Driver info: org.openqa.selenium.chrome.ChromeDriver
Capabilities {acceptInsecureCerts: false, acceptSslCerts: false, applicationCacheEnabled: false, browserConnectionEnabled: false, browserName: chrome, chrome: {chromedriverVersion: 71.0.3578.137 (86ee722808ad..., userDataDir: /tmp/.com.google.Chrome.B4f0pF}, cssSelectorsEnabled: true, databaseEnabled: false, goog:chromeOptions: {debuggerAddress: localhost:45857}, handlesAlerts: true, hasTouchScreen: false, javascriptEnabled: true, locationContextEnabled: true, mobileEmulationEnabled: false, nativeEvents: true, networkConnectionEnabled: false, pageLoadStrategy: normal, platform: LINUX, platformName: LINUX, rotatable: false, setWindowRect: true, takesHeapSnapshot: true, takesScreenshot: true, unexpectedAlertBehaviour: , unhandledPromptBehavior: , version: 72.0.3626.121, webStorageEnabled: true}
Session ID: a558c093f1724394400aa2e9cc12d110
	at sun.reflect.NativeConstructorAccessorImpl.newInstance0(Native Method)
	at sun.reflect.NativeConstructorAccessorImpl.newInstance(NativeConstructorAccessorImpl.java:62)
	at sun.reflect.DelegatingConstructorAccessorImpl.newInstance(DelegatingConstructorAccessorImpl.java:45)
	at java.lang.reflect.Constructor.newInstance(Constructor.java:423)
	at org.openqa.selenium.remote.ErrorHandler.createThrowable(ErrorHandler.java:214)
	at org.openqa.selenium.remote.ErrorHandler.throwIfResponseFailed(ErrorHandler.java:166)
	at org.openqa.selenium.remote.http.JsonHttpResponseCodec.reconstructValue(JsonHttpResponseCodec.java:40)
	at org.openqa.selenium.remote.http.AbstractHttpResponseCodec.decode(AbstractHttpResponseCodec.java:80)
	at org.openqa.selenium.remote.http.AbstractHttpResponseCodec.decode(AbstractHttpResponseCodec.java:44)
	at org.openqa.selenium.remote.HttpCommandExecutor.execute(HttpCommandExecutor.java:158)
	at org.openqa.selenium.remote.service.DriverCommandExecutor.execute(DriverCommandExecutor.java:83)
	at org.openqa.selenium.remote.RemoteWebDriver.execute(RemoteWebDriver.java:548)
	at org.openqa.selenium.remote.RemoteWebDriver.executeScript(RemoteWebDriver.java:485)
	at com.qait.automation.getpageobjects.BaseUi.executeJavascript(BaseUi.java:201)
	at com.qait.acs.keywords.ArticleLandingPageActions.verifyReferencesCountOnPubsAndStag(ArticleLandingPageActions.java:901)
	at com.qait.acs.tests.DOIContent.Step29_AJ_29_Verify_Functionality_Of_Elements_On_Article_Landing_Page(DOIContent.java:89)
	at sun.reflect.GeneratedMethodAccessor3.invoke(Unknown Source)
	at sun.reflect.DelegatingMethodAccessorImpl.invoke(DelegatingMethodAccessorImpl.java:43)
	at java.lang.reflect.Method.invoke(Method.java:498)
	at org.testng.internal.MethodInvocationHelper.invokeMethod(MethodInvocationHelper.java:84)
	at org.testng.internal.Invoker.invokeMethod(Invoker.java:714)
	at org.testng.internal.Invoker.invokeTestMethod(Invoker.java:901)
	at org.testng.internal.Invoker.invokeTestMethods(Invoker.java:1231)
	at org.testng.internal.TestMethodWorker.invokeTestMethods(TestMethodWorker.java:127)
	at org.testng.internal.TestMethodWorker.run(TestMethodWorker.java:111)
	at org.testng.TestRunner.privateRun(TestRunner.java:767)
	at org.testng.TestRunner.run(TestRunner.java:617)
	at org.testng.SuiteRunner.runTest(SuiteRunner.java:334)
	at org.testng.SuiteRunner.runSequentially(SuiteRunner.java:329)
	at org.testng.SuiteRunner.privateRun(SuiteRunner.java:291)
	at org.testng.SuiteRunner.run(SuiteRunner.java:240)
	at org.testng.SuiteRunnerWorker.runSuite(SuiteRunnerWorker.java:52)
	at org.testng.SuiteRunnerWorker.run(SuiteRunnerWorker.java:86)
	at org.testng.TestNG.runSuitesSequentially(TestNG.java:1224)
	at org.testng.TestNG.runSuitesLocally(TestNG.java:1149)
	at org.testng.TestNG.run(TestNG.java:1057)
	at org.testng.remote.AbstractRemoteTestNG.run(AbstractRemoteTestNG.java:115)
	at org.testng.remote.RemoteTestNG.initAndRun(RemoteTestNG.java:251)
	at org.testng.remote.RemoteTestNG.main(RemoteTestNG.java:77)
]]>
    </failure>
  </testcase> <!-- Step29_AJ_29_Verify_Functionality_Of_Elements_On_Article_Landing_Page -->
  <testcase name="Step29_AJ_29_Verify_Functionality_Of_Elements_On_Article_Landing_Page" time="161.700" classname="com.qait.acs.tests.DOIContent"/>
  <testcase name="Step29_AJ_29_Verify_Functionality_Of_Elements_On_Article_Landing_Page" time="119.837" classname="com.qait.acs.tests.DOIContent"/>
  <testcase name="Step29_AJ_29_Verify_Functionality_Of_Elements_On_Article_Landing_Page" time="145.660" classname="com.qait.acs.tests.DOIContent"/>
  <testcase name="Step29_AJ_29_Verify_Functionality_Of_Elements_On_Article_Landing_Page" time="160.977" classname="com.qait.acs.tests.DOIContent"/>
  <testcase name="Step29_AJ_29_Verify_Functionality_Of_Elements_On_Article_Landing_Page" time="265.476" classname="com.qait.acs.tests.DOIContent"/>
  <testcase name="Step29_AJ_29_Verify_Functionality_Of_Elements_On_Article_Landing_Page" time="160.062" classname="com.qait.acs.tests.DOIContent"/>
  <testcase name="Step29_AJ_29_Verify_Functionality_Of_Elements_On_Article_Landing_Page" time="222.956" classname="com.qait.acs.tests.DOIContent"/>
  <testcase name="Step29_AJ_29_Verify_Functionality_Of_Elements_On_Article_Landing_Page" time="158.320" classname="com.qait.acs.tests.DOIContent"/>
  <testcase name="Step29_AJ_29_Verify_Functionality_Of_Elements_On_Article_Landing_Page" time="110.065" classname="com.qait.acs.tests.DOIContent"/>
  <testcase name="Step29_AJ_29_Verify_Functionality_Of_Elements_On_Article_Landing_Page" time="110.344" classname="com.qait.acs.tests.DOIContent"/>
  <testcase name="Step29_AJ_29_Verify_Functionality_Of_Elements_On_Article_Landing_Page" time="158.603" classname="com.qait.acs.tests.DOIContent"/>
  <testcase name="Step29_AJ_29_Verify_Functionality_Of_Elements_On_Article_Landing_Page" time="281.149" classname="com.qait.acs.tests.DOIContent"/>
  <testcase name="Step29_AJ_29_Verify_Functionality_Of_Elements_On_Article_Landing_Page" time="170.389" classname="com.qait.acs.tests.DOIContent"/>
  <testcase name="Step29_AJ_29_Verify_Functionality_Of_Elements_On_Article_Landing_Page" time="171.138" classname="com.qait.acs.tests.DOIContent"/>
  <testcase name="Step29_AJ_29_Verify_Functionality_Of_Elements_On_Article_Landing_Page" time="138.635" classname="com.qait.acs.tests.DOIContent"/>
  <testcase name="Step29_AJ_29_Verify_Functionality_Of_Elements_On_Article_Landing_Page" time="180.575" classname="com.qait.acs.tests.DOIContent"/>
  <testcase name="Step29_AJ_29_Verify_Functionality_Of_Elements_On_Article_Landing_Page" time="115.159" classname="com.qait.acs.tests.DOIContent"/>
  <testcase name="Step29_AJ_29_Verify_Functionality_Of_Elements_On_Article_Landing_Page" time="124.047" classname="com.qait.acs.tests.DOIContent"/>
  <testcase name="Step29_AJ_29_Verify_Functionality_Of_Elements_On_Article_Landing_Page" time="137.500" classname="com.qait.acs.tests.DOIContent"/>
  <testcase name="Step29_AJ_29_Verify_Functionality_Of_Elements_On_Article_Landing_Page" time="131.301" classname="com.qait.acs.tests.DOIContent"/>
  <testcase name="Step29_AJ_29_Verify_Functionality_Of_Elements_On_Article_Landing_Page" time="166.502" classname="com.qait.acs.tests.DOIContent"/>
  <testcase name="Step29_AJ_29_Verify_Functionality_Of_Elements_On_Article_Landing_Page" time="136.210" classname="com.qait.acs.tests.DOIContent"/>
  <testcase name="Step29_AJ_29_Verify_Functionality_Of_Elements_On_Article_Landing_Page" time="139.053" classname="com.qait.acs.tests.DOIContent"/>
  <testcase name="Step29_AJ_29_Verify_Functionality_Of_Elements_On_Article_Landing_Page" time="133.705" classname="com.qait.acs.tests.DOIContent"/>
  <testcase name="Step29_AJ_29_Verify_Functionality_Of_Elements_On_Article_Landing_Page" time="143.759" classname="com.qait.acs.tests.DOIContent"/>
  <testcase name="Step29_AJ_29_Verify_Functionality_Of_Elements_On_Article_Landing_Page" time="132.498" classname="com.qait.acs.tests.DOIContent"/>
  <testcase name="Step29_AJ_29_Verify_Functionality_Of_Elements_On_Article_Landing_Page" time="126.534" classname="com.qait.acs.tests.DOIContent"/>
  <testcase name="Step29_AJ_29_Verify_Functionality_Of_Elements_On_Article_Landing_Page" time="157.533" classname="com.qait.acs.tests.DOIContent"/>
  <testcase name="Step29_AJ_29_Verify_Functionality_Of_Elements_On_Article_Landing_Page" time="139.450" classname="com.qait.acs.tests.DOIContent"/>
  <testcase name="Step29_AJ_29_Verify_Functionality_Of_Elements_On_Article_Landing_Page" time="190.307" classname="com.qait.acs.tests.DOIContent"/>
  <testcase name="Step29_AJ_29_Verify_Functionality_Of_Elements_On_Article_Landing_Page" time="157.762" classname="com.qait.acs.tests.DOIContent"/>
  <testcase name="Step29_AJ_29_Verify_Functionality_Of_Elements_On_Article_Landing_Page" time="144.431" classname="com.qait.acs.tests.DOIContent"/>
  <testcase name="Step29_AJ_29_Verify_Functionality_Of_Elements_On_Article_Landing_Page" time="143.798" classname="com.qait.acs.tests.DOIContent"/>
  <testcase name="Step29_AJ_29_Verify_Functionality_Of_Elements_On_Article_Landing_Page" time="137.543" classname="com.qait.acs.tests.DOIContent"/>
  <testcase name="Step29_AJ_29_Verify_Functionality_Of_Elements_On_Article_Landing_Page" time="159.496" classname="com.qait.acs.tests.DOIContent">
    <failure type="org.openqa.selenium.WebDriverException" message="unknown error: Cannot read property &#039;innerText&#039; of null
  (Session info: chrome=72.0.3626.121)
  (Driver info: chromedriver=71.0.3578.137 (86ee722808adfe9e3c92e6e8ea746ade08423c7e),platform=Linux 4.15.0-46-generic x86_64) (WARNING: The server did not provide any stacktrace information)
Command duration or timeout: 0 milliseconds
Build info: version: &#039;3.14.0&#039;, revision: &#039;aacccce0&#039;, time: &#039;2018-08-02T20:19:58.91Z&#039;
System info: host: &#039;ASDA1713PO02529&#039;, ip: &#039;127.0.1.1&#039;, os.name: &#039;Linux&#039;, os.arch: &#039;amd64&#039;, os.version: &#039;4.15.0-46-generic&#039;, java.version: &#039;1.8.0_201&#039;
Driver info: org.openqa.selenium.chrome.ChromeDriver
Capabilities {acceptInsecureCerts: false, acceptSslCerts: false, applicationCacheEnabled: false, browserConnectionEnabled: false, browserName: chrome, chrome: {chromedriverVersion: 71.0.3578.137 (86ee722808ad..., userDataDir: /tmp/.com.google.Chrome.K6SAOB}, cssSelectorsEnabled: true, databaseEnabled: false, goog:chromeOptions: {debuggerAddress: localhost:43559}, handlesAlerts: true, hasTouchScreen: false, javascriptEnabled: true, locationContextEnabled: true, mobileEmulationEnabled: false, nativeEvents: true, networkConnectionEnabled: false, pageLoadStrategy: normal, platform: LINUX, platformName: LINUX, rotatable: false, setWindowRect: true, takesHeapSnapshot: true, takesScreenshot: true, unexpectedAlertBehaviour: , unhandledPromptBehavior: , version: 72.0.3626.121, webStorageEnabled: true}
Session ID: 566994ec9d618807358744088f62a86c">
      <![CDATA[org.openqa.selenium.WebDriverException: unknown error: Cannot read property 'innerText' of null
  (Session info: chrome=72.0.3626.121)
  (Driver info: chromedriver=71.0.3578.137 (86ee722808adfe9e3c92e6e8ea746ade08423c7e),platform=Linux 4.15.0-46-generic x86_64) (WARNING: The server did not provide any stacktrace information)
Command duration or timeout: 0 milliseconds
Build info: version: '3.14.0', revision: 'aacccce0', time: '2018-08-02T20:19:58.91Z'
System info: host: 'ASDA1713PO02529', ip: '127.0.1.1', os.name: 'Linux', os.arch: 'amd64', os.version: '4.15.0-46-generic', java.version: '1.8.0_201'
Driver info: org.openqa.selenium.chrome.ChromeDriver
Capabilities {acceptInsecureCerts: false, acceptSslCerts: false, applicationCacheEnabled: false, browserConnectionEnabled: false, browserName: chrome, chrome: {chromedriverVersion: 71.0.3578.137 (86ee722808ad..., userDataDir: /tmp/.com.google.Chrome.K6SAOB}, cssSelectorsEnabled: true, databaseEnabled: false, goog:chromeOptions: {debuggerAddress: localhost:43559}, handlesAlerts: true, hasTouchScreen: false, javascriptEnabled: true, locationContextEnabled: true, mobileEmulationEnabled: false, nativeEvents: true, networkConnectionEnabled: false, pageLoadStrategy: normal, platform: LINUX, platformName: LINUX, rotatable: false, setWindowRect: true, takesHeapSnapshot: true, takesScreenshot: true, unexpectedAlertBehaviour: , unhandledPromptBehavior: , version: 72.0.3626.121, webStorageEnabled: true}
Session ID: 566994ec9d618807358744088f62a86c
	at sun.reflect.NativeConstructorAccessorImpl.newInstance0(Native Method)
	at sun.reflect.NativeConstructorAccessorImpl.newInstance(NativeConstructorAccessorImpl.java:62)
	at sun.reflect.DelegatingConstructorAccessorImpl.newInstance(DelegatingConstructorAccessorImpl.java:45)
	at java.lang.reflect.Constructor.newInstance(Constructor.java:423)
	at org.openqa.selenium.remote.ErrorHandler.createThrowable(ErrorHandler.java:214)
	at org.openqa.selenium.remote.ErrorHandler.throwIfResponseFailed(ErrorHandler.java:166)
	at org.openqa.selenium.remote.http.JsonHttpResponseCodec.reconstructValue(JsonHttpResponseCodec.java:40)
	at org.openqa.selenium.remote.http.AbstractHttpResponseCodec.decode(AbstractHttpResponseCodec.java:80)
	at org.openqa.selenium.remote.http.AbstractHttpResponseCodec.decode(AbstractHttpResponseCodec.java:44)
	at org.openqa.selenium.remote.HttpCommandExecutor.execute(HttpCommandExecutor.java:158)
	at org.openqa.selenium.remote.service.DriverCommandExecutor.execute(DriverCommandExecutor.java:83)
	at org.openqa.selenium.remote.RemoteWebDriver.execute(RemoteWebDriver.java:548)
	at org.openqa.selenium.remote.RemoteWebDriver.executeScript(RemoteWebDriver.java:485)
	at com.qait.automation.getpageobjects.BaseUi.executeJavascript(BaseUi.java:201)
	at com.qait.acs.keywords.ArticleLandingPageActions.verifyReferencesCountOnPubsAndStag(ArticleLandingPageActions.java:901)
	at com.qait.acs.tests.DOIContent.Step29_AJ_29_Verify_Functionality_Of_Elements_On_Article_Landing_Page(DOIContent.java:89)
	at sun.reflect.GeneratedMethodAccessor3.invoke(Unknown Source)
	at sun.reflect.DelegatingMethodAccessorImpl.invoke(DelegatingMethodAccessorImpl.java:43)
	at java.lang.reflect.Method.invoke(Method.java:498)
	at org.testng.internal.MethodInvocationHelper.invokeMethod(MethodInvocationHelper.java:84)
	at org.testng.internal.Invoker.invokeMethod(Invoker.java:714)
	at org.testng.internal.Invoker.invokeTestMethod(Invoker.java:901)
	at org.testng.internal.Invoker.invokeTestMethods(Invoker.java:1231)
	at org.testng.internal.TestMethodWorker.invokeTestMethods(TestMethodWorker.java:127)
	at org.testng.internal.TestMethodWorker.run(TestMethodWorker.java:111)
	at org.testng.TestRunner.privateRun(TestRunner.java:767)
	at org.testng.TestRunner.run(TestRunner.java:617)
	at org.testng.SuiteRunner.runTest(SuiteRunner.java:334)
	at org.testng.SuiteRunner.runSequentially(SuiteRunner.java:329)
	at org.testng.SuiteRunner.privateRun(SuiteRunner.java:291)
	at org.testng.SuiteRunner.run(SuiteRunner.java:240)
	at org.testng.SuiteRunnerWorker.runSuite(SuiteRunnerWorker.java:52)
	at org.testng.SuiteRunnerWorker.run(SuiteRunnerWorker.java:86)
	at org.testng.TestNG.runSuitesSequentially(TestNG.java:1224)
	at org.testng.TestNG.runSuitesLocally(TestNG.java:1149)
	at org.testng.TestNG.run(TestNG.java:1057)
	at org.testng.remote.AbstractRemoteTestNG.run(AbstractRemoteTestNG.java:115)
	at org.testng.remote.RemoteTestNG.initAndRun(RemoteTestNG.java:251)
	at org.testng.remote.RemoteTestNG.main(RemoteTestNG.java:77)
]]>
    </failure>
  </testcase> <!-- Step29_AJ_29_Verify_Functionality_Of_Elements_On_Article_Landing_Page -->
  <testcase name="Step29_AJ_29_Verify_Functionality_Of_Elements_On_Article_Landing_Page" time="184.986" classname="com.qait.acs.tests.DOIContent"/>
  <testcase name="Step29_AJ_29_Verify_Functionality_Of_Elements_On_Article_Landing_Page" time="139.960" classname="com.qait.acs.tests.DOIContent"/>
  <testcase name="Step29_AJ_29_Verify_Functionality_Of_Elements_On_Article_Landing_Page" time="152.477" classname="com.qait.acs.tests.DOIContent"/>
  <testcase name="Step29_AJ_29_Verify_Functionality_Of_Elements_On_Article_Landing_Page" time="114.423" classname="com.qait.acs.tests.DOIContent"/>
  <testcase name="Step29_AJ_29_Verify_Functionality_Of_Elements_On_Article_Landing_Page" time="150.045" classname="com.qait.acs.tests.DOIContent"/>
  <testcase name="Step29_AJ_29_Verify_Functionality_Of_Elements_On_Article_Landing_Page" time="175.344" classname="com.qait.acs.tests.DOIContent"/>
</testsuite> <!-- com.qait.acs.tests.DOIContent -->
